xrun(64): 23.09-s001: (c) Copyright 1995-2023 Cadence Design Systems, Inc.
TOOL:	xrun(64)	23.09-s001: Started on Oct 15, 2024 at 00:25:55 UTC
xrun
	+seed_arg=80
	-f list.f
		../rtl/lods_4.sv
		../rtl/lods_12.sv
		../rtl/lods_12_pre.sv
		../rtl/pre_sum.sv
		../verif/lovs_sw_12.sv
		../verif/tb_lods_12_pre.sv
	-l ./logs/comp.log
	+define+XCELIUM+
	-access +rwc
	-timescale 1ns/1ps
	-sv

   User defined plus("+") options:
	+seed_arg=80

DEFINE std       ./STD
|
xrun: *W,DLCPTH (/edatools/cdnc/XCELIUM2309/tools/inca/files/cdsvhdl.lib,1): cds.lib Invalid path '/edatools/cdnc/XCELIUM2309/tools/inca/files/STD' (cds.lib command ignored).
DEFINE synopsys  ./SYNOPSYS
|
xrun: *W,DLCPTH (/edatools/cdnc/XCELIUM2309/tools/inca/files/cdsvhdl.lib,2): cds.lib Invalid path '/edatools/cdnc/XCELIUM2309/tools/inca/files/SYNOPSYS' (cds.lib command ignored).
DEFINE ieee      ./IEEE
|
xrun: *W,DLCPTH (/edatools/cdnc/XCELIUM2309/tools/inca/files/cdsvhdl.lib,3): cds.lib Invalid path '/edatools/cdnc/XCELIUM2309/tools/inca/files/IEEE' (cds.lib command ignored).
DEFINE ambit     ./AMBIT
|
xrun: *W,DLCPTH (/edatools/cdnc/XCELIUM2309/tools/inca/files/cdsvhdl.lib,4): cds.lib Invalid path '/edatools/cdnc/XCELIUM2309/tools/inca/files/AMBIT' (cds.lib command ignored).
DEFINE vital_memory ./VITAL_MEMORY
|
xrun: *W,DLCPTH (/edatools/cdnc/XCELIUM2309/tools/inca/files/cdsvhdl.lib,5): cds.lib Invalid path '/edatools/cdnc/XCELIUM2309/tools/inca/files/VITAL_MEMORY' (cds.lib command ignored).
DEFINE ncutils ./NCUTILS
|
xrun: *W,DLCPTH (/edatools/cdnc/XCELIUM2309/tools/inca/files/cdsvhdl.lib,6): cds.lib Invalid path '/edatools/cdnc/XCELIUM2309/tools/inca/files/NCUTILS' (cds.lib command ignored).
DEFINE ncinternal ./NCINTERNAL
|
xrun: *W,DLCPTH (/edatools/cdnc/XCELIUM2309/tools/inca/files/cdsvhdl.lib,7): cds.lib Invalid path '/edatools/cdnc/XCELIUM2309/tools/inca/files/NCINTERNAL' (cds.lib command ignored).
DEFINE ncmodels ./NCMODELS
|
xrun: *W,DLCPTH (/edatools/cdnc/XCELIUM2309/tools/inca/files/cdsvhdl.lib,8): cds.lib Invalid path '/edatools/cdnc/XCELIUM2309/tools/inca/files/NCMODELS' (cds.lib command ignored).
DEFINE xmutils ./XMUTILS
|
xrun: *W,DLCPTH (/edatools/cdnc/XCELIUM2309/tools/inca/files/cdsvhdl.lib,9): cds.lib Invalid path '/edatools/cdnc/XCELIUM2309/tools/inca/files/XMUTILS' (cds.lib command ignored).
DEFINE xminternal ./XMINTERNAL
|
xrun: *W,DLCPTH (/edatools/cdnc/XCELIUM2309/tools/inca/files/cdsvhdl.lib,10): cds.lib Invalid path '/edatools/cdnc/XCELIUM2309/tools/inca/files/XMINTERNAL' (cds.lib command ignored).
DEFINE xmmodels ./XMMODELS
|
xrun: *W,DLCPTH (/edatools/cdnc/XCELIUM2309/tools/inca/files/cdsvhdl.lib,11): cds.lib Invalid path '/edatools/cdnc/XCELIUM2309/tools/inca/files/XMMODELS' (cds.lib command ignored).
DEFINE cds_assertions ./CDS_ASSERTIONS
|
xrun: *W,DLCPTH (/edatools/cdnc/XCELIUM2309/tools/inca/files/cdsvhdl.lib,12): cds.lib Invalid path '/edatools/cdnc/XCELIUM2309/tools/inca/files/CDS_ASSERTIONS' (cds.lib command ignored).
DEFINE cds_inhconn ./CDS_INHCONN
|
xrun: *W,DLCPTH (/edatools/cdnc/XCELIUM2309/tools/inca/files/cdsvhdl.lib,13): cds.lib Invalid path '/edatools/cdnc/XCELIUM2309/tools/inca/files/CDS_INHCONN' (cds.lib command ignored).
DEFINE cds_spicelib ./CDS_SPICELIB
|
xrun: *W,DLCPTH (/edatools/cdnc/XCELIUM2309/tools/inca/files/cdsvhdl.lib,14): cds.lib Invalid path '/edatools/cdnc/XCELIUM2309/tools/inca/files/CDS_SPICELIB' (cds.lib command ignored).
DEFINE cds_amsfunctions ./CDS_AMSFUNCTIONS
|
xrun: *W,DLCPTH (/edatools/cdnc/XCELIUM2309/tools/inca/files/cdsvhdl.lib,15): cds.lib Invalid path '/edatools/cdnc/XCELIUM2309/tools/inca/files/CDS_AMSFUNCTIONS' (cds.lib command ignored).
DEFINE std       ./STD
|
xrun: *W,DLCPTH (/edatools/cdnc/XCELIUM2309/tools/inca/files/cdsvhdl.lib,1): cds.lib Invalid path '/edatools/cdnc/XCELIUM2309/tools/inca/files/STD' (cds.lib command ignored).
DEFINE synopsys  ./SYNOPSYS
|
xrun: *W,DLCPTH (/edatools/cdnc/XCELIUM2309/tools/inca/files/cdsvhdl.lib,2): cds.lib Invalid path '/edatools/cdnc/XCELIUM2309/tools/inca/files/SYNOPSYS' (cds.lib command ignored).
DEFINE ieee      ./IEEE
|
xrun: *W,DLCPTH (/edatools/cdnc/XCELIUM2309/tools/inca/files/cdsvhdl.lib,3): cds.lib Invalid path '/edatools/cdnc/XCELIUM2309/tools/inca/files/IEEE' (cds.lib command ignored).
DEFINE ambit     ./AMBIT
|
xrun: *W,DLCPTH (/edatools/cdnc/XCELIUM2309/tools/inca/files/cdsvhdl.lib,4): cds.lib Invalid path '/edatools/cdnc/XCELIUM2309/tools/inca/files/AMBIT' (cds.lib command ignored).
DEFINE vital_memory ./VITAL_MEMORY
|
xrun: *W,DLCPTH (/edatools/cdnc/XCELIUM2309/tools/inca/files/cdsvhdl.lib,5): cds.lib Invalid path '/edatools/cdnc/XCELIUM2309/tools/inca/files/VITAL_MEMORY' (cds.lib command ignored).
DEFINE ncutils ./NCUTILS
|
xrun: *W,DLCPTH (/edatools/cdnc/XCELIUM2309/tools/inca/files/cdsvhdl.lib,6): cds.lib Invalid path '/edatools/cdnc/XCELIUM2309/tools/inca/files/NCUTILS' (cds.lib command ignored).
DEFINE ncinternal ./NCINTERNAL
|
xrun: *W,DLCPTH (/edatools/cdnc/XCELIUM2309/tools/inca/files/cdsvhdl.lib,7): cds.lib Invalid path '/edatools/cdnc/XCELIUM2309/tools/inca/files/NCINTERNAL' (cds.lib command ignored).
DEFINE ncmodels ./NCMODELS
|
xrun: *W,DLCPTH (/edatools/cdnc/XCELIUM2309/tools/inca/files/cdsvhdl.lib,8): cds.lib Invalid path '/edatools/cdnc/XCELIUM2309/tools/inca/files/NCMODELS' (cds.lib command ignored).
DEFINE xmutils ./XMUTILS
|
xrun: *W,DLCPTH (/edatools/cdnc/XCELIUM2309/tools/inca/files/cdsvhdl.lib,9): cds.lib Invalid path '/edatools/cdnc/XCELIUM2309/tools/inca/files/XMUTILS' (cds.lib command ignored).
DEFINE xminternal ./XMINTERNAL
|
xrun: *W,DLCPTH (/edatools/cdnc/XCELIUM2309/tools/inca/files/cdsvhdl.lib,10): cds.lib Invalid path '/edatools/cdnc/XCELIUM2309/tools/inca/files/XMINTERNAL' (cds.lib command ignored).
DEFINE xmmodels ./XMMODELS
|
xrun: *W,DLCPTH (/edatools/cdnc/XCELIUM2309/tools/inca/files/cdsvhdl.lib,11): cds.lib Invalid path '/edatools/cdnc/XCELIUM2309/tools/inca/files/XMMODELS' (cds.lib command ignored).
DEFINE cds_assertions ./CDS_ASSERTIONS
|
xrun: *W,DLCPTH (/edatools/cdnc/XCELIUM2309/tools/inca/files/cdsvhdl.lib,12): cds.lib Invalid path '/edatools/cdnc/XCELIUM2309/tools/inca/files/CDS_ASSERTIONS' (cds.lib command ignored).
DEFINE cds_inhconn ./CDS_INHCONN
|
xrun: *W,DLCPTH (/edatools/cdnc/XCELIUM2309/tools/inca/files/cdsvhdl.lib,13): cds.lib Invalid path '/edatools/cdnc/XCELIUM2309/tools/inca/files/CDS_INHCONN' (cds.lib command ignored).
DEFINE cds_spicelib ./CDS_SPICELIB
|
xrun: *W,DLCPTH (/edatools/cdnc/XCELIUM2309/tools/inca/files/cdsvhdl.lib,14): cds.lib Invalid path '/edatools/cdnc/XCELIUM2309/tools/inca/files/CDS_SPICELIB' (cds.lib command ignored).
DEFINE cds_amsfunctions ./CDS_AMSFUNCTIONS
|
xrun: *W,DLCPTH (/edatools/cdnc/XCELIUM2309/tools/inca/files/cdsvhdl.lib,15): cds.lib Invalid path '/edatools/cdnc/XCELIUM2309/tools/inca/files/CDS_AMSFUNCTIONS' (cds.lib command ignored).
DEFINE std       ./STD
|
xrun: *W,DLCPTH (/edatools/cdnc/XCELIUM2309/tools/inca/files/cdsvhdl.lib,1): cds.lib Invalid path '/edatools/cdnc/XCELIUM2309/tools/inca/files/STD' (cds.lib command ignored).
DEFINE synopsys  ./SYNOPSYS
|
xrun: *W,DLCPTH (/edatools/cdnc/XCELIUM2309/tools/inca/files/cdsvhdl.lib,2): cds.lib Invalid path '/edatools/cdnc/XCELIUM2309/tools/inca/files/SYNOPSYS' (cds.lib command ignored).
DEFINE ieee      ./IEEE
|
xrun: *W,DLCPTH (/edatools/cdnc/XCELIUM2309/tools/inca/files/cdsvhdl.lib,3): cds.lib Invalid path '/edatools/cdnc/XCELIUM2309/tools/inca/files/IEEE' (cds.lib command ignored).
DEFINE ambit     ./AMBIT
|
xrun: *W,DLCPTH (/edatools/cdnc/XCELIUM2309/tools/inca/files/cdsvhdl.lib,4): cds.lib Invalid path '/edatools/cdnc/XCELIUM2309/tools/inca/files/AMBIT' (cds.lib command ignored).
DEFINE vital_memory ./VITAL_MEMORY
|
xrun: *W,DLCPTH (/edatools/cdnc/XCELIUM2309/tools/inca/files/cdsvhdl.lib,5): cds.lib Invalid path '/edatools/cdnc/XCELIUM2309/tools/inca/files/VITAL_MEMORY' (cds.lib command ignored).
DEFINE ncutils ./NCUTILS
|
xrun: *W,DLCPTH (/edatools/cdnc/XCELIUM2309/tools/inca/files/cdsvhdl.lib,6): cds.lib Invalid path '/edatools/cdnc/XCELIUM2309/tools/inca/files/NCUTILS' (cds.lib command ignored).
DEFINE ncinternal ./NCINTERNAL
|
xrun: *W,DLCPTH (/edatools/cdnc/XCELIUM2309/tools/inca/files/cdsvhdl.lib,7): cds.lib Invalid path '/edatools/cdnc/XCELIUM2309/tools/inca/files/NCINTERNAL' (cds.lib command ignored).
DEFINE ncmodels ./NCMODELS
|
xrun: *W,DLCPTH (/edatools/cdnc/XCELIUM2309/tools/inca/files/cdsvhdl.lib,8): cds.lib Invalid path '/edatools/cdnc/XCELIUM2309/tools/inca/files/NCMODELS' (cds.lib command ignored).
DEFINE xmutils ./XMUTILS
|
xrun: *W,DLCPTH (/edatools/cdnc/XCELIUM2309/tools/inca/files/cdsvhdl.lib,9): cds.lib Invalid path '/edatools/cdnc/XCELIUM2309/tools/inca/files/XMUTILS' (cds.lib command ignored).
DEFINE xminternal ./XMINTERNAL
|
xrun: *W,DLCPTH (/edatools/cdnc/XCELIUM2309/tools/inca/files/cdsvhdl.lib,10): cds.lib Invalid path '/edatools/cdnc/XCELIUM2309/tools/inca/files/XMINTERNAL' (cds.lib command ignored).
DEFINE xmmodels ./XMMODELS
|
xrun: *W,DLCPTH (/edatools/cdnc/XCELIUM2309/tools/inca/files/cdsvhdl.lib,11): cds.lib Invalid path '/edatools/cdnc/XCELIUM2309/tools/inca/files/XMMODELS' (cds.lib command ignored).
DEFINE cds_assertions ./CDS_ASSERTIONS
|
xrun: *W,DLCPTH (/edatools/cdnc/XCELIUM2309/tools/inca/files/cdsvhdl.lib,12): cds.lib Invalid path '/edatools/cdnc/XCELIUM2309/tools/inca/files/CDS_ASSERTIONS' (cds.lib command ignored).
DEFINE cds_inhconn ./CDS_INHCONN
|
xrun: *W,DLCPTH (/edatools/cdnc/XCELIUM2309/tools/inca/files/cdsvhdl.lib,13): cds.lib Invalid path '/edatools/cdnc/XCELIUM2309/tools/inca/files/CDS_INHCONN' (cds.lib command ignored).
DEFINE cds_spicelib ./CDS_SPICELIB
|
xrun: *W,DLCPTH (/edatools/cdnc/XCELIUM2309/tools/inca/files/cdsvhdl.lib,14): cds.lib Invalid path '/edatools/cdnc/XCELIUM2309/tools/inca/files/CDS_SPICELIB' (cds.lib command ignored).
DEFINE cds_amsfunctions ./CDS_AMSFUNCTIONS
|
xrun: *W,DLCPTH (/edatools/cdnc/XCELIUM2309/tools/inca/files/cdsvhdl.lib,15): cds.lib Invalid path '/edatools/cdnc/XCELIUM2309/tools/inca/files/CDS_AMSFUNCTIONS' (cds.lib command ignored).
DEFINE std       ./STD
|
xrun: *W,DLCPTH (/edatools/cdnc/XCELIUM2309/tools/inca/files/cdsvhdl.lib,1): cds.lib Invalid path '/edatools/cdnc/XCELIUM2309/tools/inca/files/STD' (cds.lib command ignored).
DEFINE synopsys  ./SYNOPSYS
|
xrun: *W,DLCPTH (/edatools/cdnc/XCELIUM2309/tools/inca/files/cdsvhdl.lib,2): cds.lib Invalid path '/edatools/cdnc/XCELIUM2309/tools/inca/files/SYNOPSYS' (cds.lib command ignored).
DEFINE ieee      ./IEEE
|
xrun: *W,DLCPTH (/edatools/cdnc/XCELIUM2309/tools/inca/files/cdsvhdl.lib,3): cds.lib Invalid path '/edatools/cdnc/XCELIUM2309/tools/inca/files/IEEE' (cds.lib command ignored).
DEFINE ambit     ./AMBIT
|
xrun: *W,DLCPTH (/edatools/cdnc/XCELIUM2309/tools/inca/files/cdsvhdl.lib,4): cds.lib Invalid path '/edatools/cdnc/XCELIUM2309/tools/inca/files/AMBIT' (cds.lib command ignored).
DEFINE vital_memory ./VITAL_MEMORY
|
xrun: *W,DLCPTH (/edatools/cdnc/XCELIUM2309/tools/inca/files/cdsvhdl.lib,5): cds.lib Invalid path '/edatools/cdnc/XCELIUM2309/tools/inca/files/VITAL_MEMORY' (cds.lib command ignored).
DEFINE ncutils ./NCUTILS
|
xrun: *W,DLCPTH (/edatools/cdnc/XCELIUM2309/tools/inca/files/cdsvhdl.lib,6): cds.lib Invalid path '/edatools/cdnc/XCELIUM2309/tools/inca/files/NCUTILS' (cds.lib command ignored).
DEFINE ncinternal ./NCINTERNAL
|
xrun: *W,DLCPTH (/edatools/cdnc/XCELIUM2309/tools/inca/files/cdsvhdl.lib,7): cds.lib Invalid path '/edatools/cdnc/XCELIUM2309/tools/inca/files/NCINTERNAL' (cds.lib command ignored).
DEFINE ncmodels ./NCMODELS
|
xrun: *W,DLCPTH (/edatools/cdnc/XCELIUM2309/tools/inca/files/cdsvhdl.lib,8): cds.lib Invalid path '/edatools/cdnc/XCELIUM2309/tools/inca/files/NCMODELS' (cds.lib command ignored).
DEFINE xmutils ./XMUTILS
|
xrun: *W,DLCPTH (/edatools/cdnc/XCELIUM2309/tools/inca/files/cdsvhdl.lib,9): cds.lib Invalid path '/edatools/cdnc/XCELIUM2309/tools/inca/files/XMUTILS' (cds.lib command ignored).
DEFINE xminternal ./XMINTERNAL
|
xrun: *W,DLCPTH (/edatools/cdnc/XCELIUM2309/tools/inca/files/cdsvhdl.lib,10): cds.lib Invalid path '/edatools/cdnc/XCELIUM2309/tools/inca/files/XMINTERNAL' (cds.lib command ignored).
DEFINE xmmodels ./XMMODELS
|
xrun: *W,DLCPTH (/edatools/cdnc/XCELIUM2309/tools/inca/files/cdsvhdl.lib,11): cds.lib Invalid path '/edatools/cdnc/XCELIUM2309/tools/inca/files/XMMODELS' (cds.lib command ignored).
DEFINE cds_assertions ./CDS_ASSERTIONS
|
xrun: *W,DLCPTH (/edatools/cdnc/XCELIUM2309/tools/inca/files/cdsvhdl.lib,12): cds.lib Invalid path '/edatools/cdnc/XCELIUM2309/tools/inca/files/CDS_ASSERTIONS' (cds.lib command ignored).
DEFINE cds_inhconn ./CDS_INHCONN
|
xrun: *W,DLCPTH (/edatools/cdnc/XCELIUM2309/tools/inca/files/cdsvhdl.lib,13): cds.lib Invalid path '/edatools/cdnc/XCELIUM2309/tools/inca/files/CDS_INHCONN' (cds.lib command ignored).
DEFINE cds_spicelib ./CDS_SPICELIB
|
xrun: *W,DLCPTH (/edatools/cdnc/XCELIUM2309/tools/inca/files/cdsvhdl.lib,14): cds.lib Invalid path '/edatools/cdnc/XCELIUM2309/tools/inca/files/CDS_SPICELIB' (cds.lib command ignored).
DEFINE cds_amsfunctions ./CDS_AMSFUNCTIONS
|
xrun: *W,DLCPTH (/edatools/cdnc/XCELIUM2309/tools/inca/files/cdsvhdl.lib,15): cds.lib Invalid path '/edatools/cdnc/XCELIUM2309/tools/inca/files/CDS_AMSFUNCTIONS' (cds.lib command ignored).
Recompiling... reason: file '../verif/tb_lods_12_pre.sv' is newer than expected.
	expected: Tue Oct 15 00:24:43 2024
	actual:   Tue Oct 15 00:25:34 2024
DEFINE std       ./STD
|
xrun: *W,DLCPTH (/edatools/cdnc/XCELIUM2309/tools/inca/files/cdsvhdl.lib,1): cds.lib Invalid path '/edatools/cdnc/XCELIUM2309/tools/inca/files/STD' (cds.lib command ignored).
DEFINE synopsys  ./SYNOPSYS
|
xrun: *W,DLCPTH (/edatools/cdnc/XCELIUM2309/tools/inca/files/cdsvhdl.lib,2): cds.lib Invalid path '/edatools/cdnc/XCELIUM2309/tools/inca/files/SYNOPSYS' (cds.lib command ignored).
DEFINE ieee      ./IEEE
|
xrun: *W,DLCPTH (/edatools/cdnc/XCELIUM2309/tools/inca/files/cdsvhdl.lib,3): cds.lib Invalid path '/edatools/cdnc/XCELIUM2309/tools/inca/files/IEEE' (cds.lib command ignored).
DEFINE ambit     ./AMBIT
|
xrun: *W,DLCPTH (/edatools/cdnc/XCELIUM2309/tools/inca/files/cdsvhdl.lib,4): cds.lib Invalid path '/edatools/cdnc/XCELIUM2309/tools/inca/files/AMBIT' (cds.lib command ignored).
DEFINE vital_memory ./VITAL_MEMORY
|
xrun: *W,DLCPTH (/edatools/cdnc/XCELIUM2309/tools/inca/files/cdsvhdl.lib,5): cds.lib Invalid path '/edatools/cdnc/XCELIUM2309/tools/inca/files/VITAL_MEMORY' (cds.lib command ignored).
DEFINE ncutils ./NCUTILS
|
xrun: *W,DLCPTH (/edatools/cdnc/XCELIUM2309/tools/inca/files/cdsvhdl.lib,6): cds.lib Invalid path '/edatools/cdnc/XCELIUM2309/tools/inca/files/NCUTILS' (cds.lib command ignored).
DEFINE ncinternal ./NCINTERNAL
|
xrun: *W,DLCPTH (/edatools/cdnc/XCELIUM2309/tools/inca/files/cdsvhdl.lib,7): cds.lib Invalid path '/edatools/cdnc/XCELIUM2309/tools/inca/files/NCINTERNAL' (cds.lib command ignored).
DEFINE ncmodels ./NCMODELS
|
xrun: *W,DLCPTH (/edatools/cdnc/XCELIUM2309/tools/inca/files/cdsvhdl.lib,8): cds.lib Invalid path '/edatools/cdnc/XCELIUM2309/tools/inca/files/NCMODELS' (cds.lib command ignored).
DEFINE xmutils ./XMUTILS
|
xrun: *W,DLCPTH (/edatools/cdnc/XCELIUM2309/tools/inca/files/cdsvhdl.lib,9): cds.lib Invalid path '/edatools/cdnc/XCELIUM2309/tools/inca/files/XMUTILS' (cds.lib command ignored).
DEFINE xminternal ./XMINTERNAL
|
xrun: *W,DLCPTH (/edatools/cdnc/XCELIUM2309/tools/inca/files/cdsvhdl.lib,10): cds.lib Invalid path '/edatools/cdnc/XCELIUM2309/tools/inca/files/XMINTERNAL' (cds.lib command ignored).
DEFINE xmmodels ./XMMODELS
|
xrun: *W,DLCPTH (/edatools/cdnc/XCELIUM2309/tools/inca/files/cdsvhdl.lib,11): cds.lib Invalid path '/edatools/cdnc/XCELIUM2309/tools/inca/files/XMMODELS' (cds.lib command ignored).
DEFINE cds_assertions ./CDS_ASSERTIONS
|
xrun: *W,DLCPTH (/edatools/cdnc/XCELIUM2309/tools/inca/files/cdsvhdl.lib,12): cds.lib Invalid path '/edatools/cdnc/XCELIUM2309/tools/inca/files/CDS_ASSERTIONS' (cds.lib command ignored).
DEFINE cds_inhconn ./CDS_INHCONN
|
xrun: *W,DLCPTH (/edatools/cdnc/XCELIUM2309/tools/inca/files/cdsvhdl.lib,13): cds.lib Invalid path '/edatools/cdnc/XCELIUM2309/tools/inca/files/CDS_INHCONN' (cds.lib command ignored).
DEFINE cds_spicelib ./CDS_SPICELIB
|
xrun: *W,DLCPTH (/edatools/cdnc/XCELIUM2309/tools/inca/files/cdsvhdl.lib,14): cds.lib Invalid path '/edatools/cdnc/XCELIUM2309/tools/inca/files/CDS_SPICELIB' (cds.lib command ignored).
DEFINE cds_amsfunctions ./CDS_AMSFUNCTIONS
|
xrun: *W,DLCPTH (/edatools/cdnc/XCELIUM2309/tools/inca/files/cdsvhdl.lib,15): cds.lib Invalid path '/edatools/cdnc/XCELIUM2309/tools/inca/files/CDS_AMSFUNCTIONS' (cds.lib command ignored).
DEFINE std       ./STD
|
xmvlog: *W,DLCPTH (/edatools/cdnc/XCELIUM2309/tools/inca/files/cdsvhdl.lib,1): cds.lib Invalid path '/edatools/cdnc/XCELIUM2309/tools/inca/files/STD' (cds.lib command ignored).
DEFINE synopsys  ./SYNOPSYS
|
xmvlog: *W,DLCPTH (/edatools/cdnc/XCELIUM2309/tools/inca/files/cdsvhdl.lib,2): cds.lib Invalid path '/edatools/cdnc/XCELIUM2309/tools/inca/files/SYNOPSYS' (cds.lib command ignored).
DEFINE ieee      ./IEEE
|
xmvlog: *W,DLCPTH (/edatools/cdnc/XCELIUM2309/tools/inca/files/cdsvhdl.lib,3): cds.lib Invalid path '/edatools/cdnc/XCELIUM2309/tools/inca/files/IEEE' (cds.lib command ignored).
DEFINE ambit     ./AMBIT
|
xmvlog: *W,DLCPTH (/edatools/cdnc/XCELIUM2309/tools/inca/files/cdsvhdl.lib,4): cds.lib Invalid path '/edatools/cdnc/XCELIUM2309/tools/inca/files/AMBIT' (cds.lib command ignored).
DEFINE vital_memory ./VITAL_MEMORY
|
xmvlog: *W,DLCPTH (/edatools/cdnc/XCELIUM2309/tools/inca/files/cdsvhdl.lib,5): cds.lib Invalid path '/edatools/cdnc/XCELIUM2309/tools/inca/files/VITAL_MEMORY' (cds.lib command ignored).
DEFINE ncutils ./NCUTILS
|
xmvlog: *W,DLCPTH (/edatools/cdnc/XCELIUM2309/tools/inca/files/cdsvhdl.lib,6): cds.lib Invalid path '/edatools/cdnc/XCELIUM2309/tools/inca/files/NCUTILS' (cds.lib command ignored).
DEFINE ncinternal ./NCINTERNAL
|
xmvlog: *W,DLCPTH (/edatools/cdnc/XCELIUM2309/tools/inca/files/cdsvhdl.lib,7): cds.lib Invalid path '/edatools/cdnc/XCELIUM2309/tools/inca/files/NCINTERNAL' (cds.lib command ignored).
DEFINE ncmodels ./NCMODELS
|
xmvlog: *W,DLCPTH (/edatools/cdnc/XCELIUM2309/tools/inca/files/cdsvhdl.lib,8): cds.lib Invalid path '/edatools/cdnc/XCELIUM2309/tools/inca/files/NCMODELS' (cds.lib command ignored).
DEFINE xmutils ./XMUTILS
|
xmvlog: *W,DLCPTH (/edatools/cdnc/XCELIUM2309/tools/inca/files/cdsvhdl.lib,9): cds.lib Invalid path '/edatools/cdnc/XCELIUM2309/tools/inca/files/XMUTILS' (cds.lib command ignored).
DEFINE xminternal ./XMINTERNAL
|
xmvlog: *W,DLCPTH (/edatools/cdnc/XCELIUM2309/tools/inca/files/cdsvhdl.lib,10): cds.lib Invalid path '/edatools/cdnc/XCELIUM2309/tools/inca/files/XMINTERNAL' (cds.lib command ignored).
DEFINE xmmodels ./XMMODELS
|
xmvlog: *W,DLCPTH (/edatools/cdnc/XCELIUM2309/tools/inca/files/cdsvhdl.lib,11): cds.lib Invalid path '/edatools/cdnc/XCELIUM2309/tools/inca/files/XMMODELS' (cds.lib command ignored).
DEFINE cds_assertions ./CDS_ASSERTIONS
|
xmvlog: *W,DLCPTH (/edatools/cdnc/XCELIUM2309/tools/inca/files/cdsvhdl.lib,12): cds.lib Invalid path '/edatools/cdnc/XCELIUM2309/tools/inca/files/CDS_ASSERTIONS' (cds.lib command ignored).
DEFINE cds_inhconn ./CDS_INHCONN
|
xmvlog: *W,DLCPTH (/edatools/cdnc/XCELIUM2309/tools/inca/files/cdsvhdl.lib,13): cds.lib Invalid path '/edatools/cdnc/XCELIUM2309/tools/inca/files/CDS_INHCONN' (cds.lib command ignored).
DEFINE cds_spicelib ./CDS_SPICELIB
|
xmvlog: *W,DLCPTH (/edatools/cdnc/XCELIUM2309/tools/inca/files/cdsvhdl.lib,14): cds.lib Invalid path '/edatools/cdnc/XCELIUM2309/tools/inca/files/CDS_SPICELIB' (cds.lib command ignored).
DEFINE cds_amsfunctions ./CDS_AMSFUNCTIONS
|
xmvlog: *W,DLCPTH (/edatools/cdnc/XCELIUM2309/tools/inca/files/cdsvhdl.lib,15): cds.lib Invalid path '/edatools/cdnc/XCELIUM2309/tools/inca/files/CDS_AMSFUNCTIONS' (cds.lib command ignored).
file: ../verif/tb_lods_12_pre.sv
	module worklib.tb_lods_12_pre:sv
		errors: 0, warnings: 0
	Total errors/warnings found outside modules and primitives:
		errors: 0, warnings: 15
DEFINE std       ./STD
|
xrun: *W,DLCPTH (/edatools/cdnc/XCELIUM2309/tools/inca/files/cdsvhdl.lib,1): cds.lib Invalid path '/edatools/cdnc/XCELIUM2309/tools/inca/files/STD' (cds.lib command ignored).
DEFINE synopsys  ./SYNOPSYS
|
xrun: *W,DLCPTH (/edatools/cdnc/XCELIUM2309/tools/inca/files/cdsvhdl.lib,2): cds.lib Invalid path '/edatools/cdnc/XCELIUM2309/tools/inca/files/SYNOPSYS' (cds.lib command ignored).
DEFINE ieee      ./IEEE
|
xrun: *W,DLCPTH (/edatools/cdnc/XCELIUM2309/tools/inca/files/cdsvhdl.lib,3): cds.lib Invalid path '/edatools/cdnc/XCELIUM2309/tools/inca/files/IEEE' (cds.lib command ignored).
DEFINE ambit     ./AMBIT
|
xrun: *W,DLCPTH (/edatools/cdnc/XCELIUM2309/tools/inca/files/cdsvhdl.lib,4): cds.lib Invalid path '/edatools/cdnc/XCELIUM2309/tools/inca/files/AMBIT' (cds.lib command ignored).
DEFINE vital_memory ./VITAL_MEMORY
|
xrun: *W,DLCPTH (/edatools/cdnc/XCELIUM2309/tools/inca/files/cdsvhdl.lib,5): cds.lib Invalid path '/edatools/cdnc/XCELIUM2309/tools/inca/files/VITAL_MEMORY' (cds.lib command ignored).
DEFINE ncutils ./NCUTILS
|
xrun: *W,DLCPTH (/edatools/cdnc/XCELIUM2309/tools/inca/files/cdsvhdl.lib,6): cds.lib Invalid path '/edatools/cdnc/XCELIUM2309/tools/inca/files/NCUTILS' (cds.lib command ignored).
DEFINE ncinternal ./NCINTERNAL
|
xrun: *W,DLCPTH (/edatools/cdnc/XCELIUM2309/tools/inca/files/cdsvhdl.lib,7): cds.lib Invalid path '/edatools/cdnc/XCELIUM2309/tools/inca/files/NCINTERNAL' (cds.lib command ignored).
DEFINE ncmodels ./NCMODELS
|
xrun: *W,DLCPTH (/edatools/cdnc/XCELIUM2309/tools/inca/files/cdsvhdl.lib,8): cds.lib Invalid path '/edatools/cdnc/XCELIUM2309/tools/inca/files/NCMODELS' (cds.lib command ignored).
DEFINE xmutils ./XMUTILS
|
xrun: *W,DLCPTH (/edatools/cdnc/XCELIUM2309/tools/inca/files/cdsvhdl.lib,9): cds.lib Invalid path '/edatools/cdnc/XCELIUM2309/tools/inca/files/XMUTILS' (cds.lib command ignored).
DEFINE xminternal ./XMINTERNAL
|
xrun: *W,DLCPTH (/edatools/cdnc/XCELIUM2309/tools/inca/files/cdsvhdl.lib,10): cds.lib Invalid path '/edatools/cdnc/XCELIUM2309/tools/inca/files/XMINTERNAL' (cds.lib command ignored).
DEFINE xmmodels ./XMMODELS
|
xrun: *W,DLCPTH (/edatools/cdnc/XCELIUM2309/tools/inca/files/cdsvhdl.lib,11): cds.lib Invalid path '/edatools/cdnc/XCELIUM2309/tools/inca/files/XMMODELS' (cds.lib command ignored).
DEFINE cds_assertions ./CDS_ASSERTIONS
|
xrun: *W,DLCPTH (/edatools/cdnc/XCELIUM2309/tools/inca/files/cdsvhdl.lib,12): cds.lib Invalid path '/edatools/cdnc/XCELIUM2309/tools/inca/files/CDS_ASSERTIONS' (cds.lib command ignored).
DEFINE cds_inhconn ./CDS_INHCONN
|
xrun: *W,DLCPTH (/edatools/cdnc/XCELIUM2309/tools/inca/files/cdsvhdl.lib,13): cds.lib Invalid path '/edatools/cdnc/XCELIUM2309/tools/inca/files/CDS_INHCONN' (cds.lib command ignored).
DEFINE cds_spicelib ./CDS_SPICELIB
|
xrun: *W,DLCPTH (/edatools/cdnc/XCELIUM2309/tools/inca/files/cdsvhdl.lib,14): cds.lib Invalid path '/edatools/cdnc/XCELIUM2309/tools/inca/files/CDS_SPICELIB' (cds.lib command ignored).
DEFINE cds_amsfunctions ./CDS_AMSFUNCTIONS
|
xrun: *W,DLCPTH (/edatools/cdnc/XCELIUM2309/tools/inca/files/cdsvhdl.lib,15): cds.lib Invalid path '/edatools/cdnc/XCELIUM2309/tools/inca/files/CDS_AMSFUNCTIONS' (cds.lib command ignored).
DEFINE std       ./STD
|
xrun: *W,DLCPTH (/edatools/cdnc/XCELIUM2309/tools/inca/files/cdsvhdl.lib,1): cds.lib Invalid path '/edatools/cdnc/XCELIUM2309/tools/inca/files/STD' (cds.lib command ignored).
DEFINE synopsys  ./SYNOPSYS
|
xrun: *W,DLCPTH (/edatools/cdnc/XCELIUM2309/tools/inca/files/cdsvhdl.lib,2): cds.lib Invalid path '/edatools/cdnc/XCELIUM2309/tools/inca/files/SYNOPSYS' (cds.lib command ignored).
DEFINE ieee      ./IEEE
|
xrun: *W,DLCPTH (/edatools/cdnc/XCELIUM2309/tools/inca/files/cdsvhdl.lib,3): cds.lib Invalid path '/edatools/cdnc/XCELIUM2309/tools/inca/files/IEEE' (cds.lib command ignored).
DEFINE ambit     ./AMBIT
|
xrun: *W,DLCPTH (/edatools/cdnc/XCELIUM2309/tools/inca/files/cdsvhdl.lib,4): cds.lib Invalid path '/edatools/cdnc/XCELIUM2309/tools/inca/files/AMBIT' (cds.lib command ignored).
DEFINE vital_memory ./VITAL_MEMORY
|
xrun: *W,DLCPTH (/edatools/cdnc/XCELIUM2309/tools/inca/files/cdsvhdl.lib,5): cds.lib Invalid path '/edatools/cdnc/XCELIUM2309/tools/inca/files/VITAL_MEMORY' (cds.lib command ignored).
DEFINE ncutils ./NCUTILS
|
xrun: *W,DLCPTH (/edatools/cdnc/XCELIUM2309/tools/inca/files/cdsvhdl.lib,6): cds.lib Invalid path '/edatools/cdnc/XCELIUM2309/tools/inca/files/NCUTILS' (cds.lib command ignored).
DEFINE ncinternal ./NCINTERNAL
|
xrun: *W,DLCPTH (/edatools/cdnc/XCELIUM2309/tools/inca/files/cdsvhdl.lib,7): cds.lib Invalid path '/edatools/cdnc/XCELIUM2309/tools/inca/files/NCINTERNAL' (cds.lib command ignored).
DEFINE ncmodels ./NCMODELS
|
xrun: *W,DLCPTH (/edatools/cdnc/XCELIUM2309/tools/inca/files/cdsvhdl.lib,8): cds.lib Invalid path '/edatools/cdnc/XCELIUM2309/tools/inca/files/NCMODELS' (cds.lib command ignored).
DEFINE xmutils ./XMUTILS
|
xrun: *W,DLCPTH (/edatools/cdnc/XCELIUM2309/tools/inca/files/cdsvhdl.lib,9): cds.lib Invalid path '/edatools/cdnc/XCELIUM2309/tools/inca/files/XMUTILS' (cds.lib command ignored).
DEFINE xminternal ./XMINTERNAL
|
xrun: *W,DLCPTH (/edatools/cdnc/XCELIUM2309/tools/inca/files/cdsvhdl.lib,10): cds.lib Invalid path '/edatools/cdnc/XCELIUM2309/tools/inca/files/XMINTERNAL' (cds.lib command ignored).
DEFINE xmmodels ./XMMODELS
|
xrun: *W,DLCPTH (/edatools/cdnc/XCELIUM2309/tools/inca/files/cdsvhdl.lib,11): cds.lib Invalid path '/edatools/cdnc/XCELIUM2309/tools/inca/files/XMMODELS' (cds.lib command ignored).
DEFINE cds_assertions ./CDS_ASSERTIONS
|
xrun: *W,DLCPTH (/edatools/cdnc/XCELIUM2309/tools/inca/files/cdsvhdl.lib,12): cds.lib Invalid path '/edatools/cdnc/XCELIUM2309/tools/inca/files/CDS_ASSERTIONS' (cds.lib command ignored).
DEFINE cds_inhconn ./CDS_INHCONN
|
xrun: *W,DLCPTH (/edatools/cdnc/XCELIUM2309/tools/inca/files/cdsvhdl.lib,13): cds.lib Invalid path '/edatools/cdnc/XCELIUM2309/tools/inca/files/CDS_INHCONN' (cds.lib command ignored).
DEFINE cds_spicelib ./CDS_SPICELIB
|
xrun: *W,DLCPTH (/edatools/cdnc/XCELIUM2309/tools/inca/files/cdsvhdl.lib,14): cds.lib Invalid path '/edatools/cdnc/XCELIUM2309/tools/inca/files/CDS_SPICELIB' (cds.lib command ignored).
DEFINE cds_amsfunctions ./CDS_AMSFUNCTIONS
|
xrun: *W,DLCPTH (/edatools/cdnc/XCELIUM2309/tools/inca/files/cdsvhdl.lib,15): cds.lib Invalid path '/edatools/cdnc/XCELIUM2309/tools/inca/files/CDS_AMSFUNCTIONS' (cds.lib command ignored).
DEFINE std       ./STD
|
xmelab: *W,DLCPTH (/edatools/cdnc/XCELIUM2309/tools/inca/files/cdsvhdl.lib,1): cds.lib Invalid path '/edatools/cdnc/XCELIUM2309/tools/inca/files/STD' (cds.lib command ignored).
DEFINE synopsys  ./SYNOPSYS
|
xmelab: *W,DLCPTH (/edatools/cdnc/XCELIUM2309/tools/inca/files/cdsvhdl.lib,2): cds.lib Invalid path '/edatools/cdnc/XCELIUM2309/tools/inca/files/SYNOPSYS' (cds.lib command ignored).
DEFINE ieee      ./IEEE
|
xmelab: *W,DLCPTH (/edatools/cdnc/XCELIUM2309/tools/inca/files/cdsvhdl.lib,3): cds.lib Invalid path '/edatools/cdnc/XCELIUM2309/tools/inca/files/IEEE' (cds.lib command ignored).
DEFINE ambit     ./AMBIT
|
xmelab: *W,DLCPTH (/edatools/cdnc/XCELIUM2309/tools/inca/files/cdsvhdl.lib,4): cds.lib Invalid path '/edatools/cdnc/XCELIUM2309/tools/inca/files/AMBIT' (cds.lib command ignored).
DEFINE vital_memory ./VITAL_MEMORY
|
xmelab: *W,DLCPTH (/edatools/cdnc/XCELIUM2309/tools/inca/files/cdsvhdl.lib,5): cds.lib Invalid path '/edatools/cdnc/XCELIUM2309/tools/inca/files/VITAL_MEMORY' (cds.lib command ignored).
DEFINE ncutils ./NCUTILS
|
xmelab: *W,DLCPTH (/edatools/cdnc/XCELIUM2309/tools/inca/files/cdsvhdl.lib,6): cds.lib Invalid path '/edatools/cdnc/XCELIUM2309/tools/inca/files/NCUTILS' (cds.lib command ignored).
DEFINE ncinternal ./NCINTERNAL
|
xmelab: *W,DLCPTH (/edatools/cdnc/XCELIUM2309/tools/inca/files/cdsvhdl.lib,7): cds.lib Invalid path '/edatools/cdnc/XCELIUM2309/tools/inca/files/NCINTERNAL' (cds.lib command ignored).
DEFINE ncmodels ./NCMODELS
|
xmelab: *W,DLCPTH (/edatools/cdnc/XCELIUM2309/tools/inca/files/cdsvhdl.lib,8): cds.lib Invalid path '/edatools/cdnc/XCELIUM2309/tools/inca/files/NCMODELS' (cds.lib command ignored).
DEFINE xmutils ./XMUTILS
|
xmelab: *W,DLCPTH (/edatools/cdnc/XCELIUM2309/tools/inca/files/cdsvhdl.lib,9): cds.lib Invalid path '/edatools/cdnc/XCELIUM2309/tools/inca/files/XMUTILS' (cds.lib command ignored).
DEFINE xminternal ./XMINTERNAL
|
xmelab: *W,DLCPTH (/edatools/cdnc/XCELIUM2309/tools/inca/files/cdsvhdl.lib,10): cds.lib Invalid path '/edatools/cdnc/XCELIUM2309/tools/inca/files/XMINTERNAL' (cds.lib command ignored).
DEFINE xmmodels ./XMMODELS
|
xmelab: *W,DLCPTH (/edatools/cdnc/XCELIUM2309/tools/inca/files/cdsvhdl.lib,11): cds.lib Invalid path '/edatools/cdnc/XCELIUM2309/tools/inca/files/XMMODELS' (cds.lib command ignored).
DEFINE cds_assertions ./CDS_ASSERTIONS
|
xmelab: *W,DLCPTH (/edatools/cdnc/XCELIUM2309/tools/inca/files/cdsvhdl.lib,12): cds.lib Invalid path '/edatools/cdnc/XCELIUM2309/tools/inca/files/CDS_ASSERTIONS' (cds.lib command ignored).
DEFINE cds_inhconn ./CDS_INHCONN
|
xmelab: *W,DLCPTH (/edatools/cdnc/XCELIUM2309/tools/inca/files/cdsvhdl.lib,13): cds.lib Invalid path '/edatools/cdnc/XCELIUM2309/tools/inca/files/CDS_INHCONN' (cds.lib command ignored).
DEFINE cds_spicelib ./CDS_SPICELIB
|
xmelab: *W,DLCPTH (/edatools/cdnc/XCELIUM2309/tools/inca/files/cdsvhdl.lib,14): cds.lib Invalid path '/edatools/cdnc/XCELIUM2309/tools/inca/files/CDS_SPICELIB' (cds.lib command ignored).
DEFINE cds_amsfunctions ./CDS_AMSFUNCTIONS
|
xmelab: *W,DLCPTH (/edatools/cdnc/XCELIUM2309/tools/inca/files/cdsvhdl.lib,15): cds.lib Invalid path '/edatools/cdnc/XCELIUM2309/tools/inca/files/CDS_AMSFUNCTIONS' (cds.lib command ignored).
		Caching library 'worklib' ....... Done
	Elaborating the design hierarchy:
	Top level design units:
		tb_lods_12_pre
	Building instance overlay tables: .................... Done
	Generating native compiled code:
DEFINE std       ./STD
|
xmvlog_cg: *W,DLCPTH (/edatools/cdnc/XCELIUM2309/tools/inca/files/cdsvhdl.lib,1): cds.lib Invalid path '/edatools/cdnc/XCELIUM2309/tools/inca/files/STD' (cds.lib command ignored).
DEFINE synopsys  ./SYNOPSYS
|
xmvlog_cg: *W,DLCPTH (/edatools/cdnc/XCELIUM2309/tools/inca/files/cdsvhdl.lib,2): cds.lib Invalid path '/edatools/cdnc/XCELIUM2309/tools/inca/files/SYNOPSYS' (cds.lib command ignored).
DEFINE ieee      ./IEEE
|
xmvlog_cg: *W,DLCPTH (/edatools/cdnc/XCELIUM2309/tools/inca/files/cdsvhdl.lib,3): cds.lib Invalid path '/edatools/cdnc/XCELIUM2309/tools/inca/files/IEEE' (cds.lib command ignored).
DEFINE ambit     ./AMBIT
|
xmvlog_cg: *W,DLCPTH (/edatools/cdnc/XCELIUM2309/tools/inca/files/cdsvhdl.lib,4): cds.lib Invalid path '/edatools/cdnc/XCELIUM2309/tools/inca/files/AMBIT' (cds.lib command ignored).
DEFINE vital_memory ./VITAL_MEMORY
|
xmvlog_cg: *W,DLCPTH (/edatools/cdnc/XCELIUM2309/tools/inca/files/cdsvhdl.lib,5): cds.lib Invalid path '/edatools/cdnc/XCELIUM2309/tools/inca/files/VITAL_MEMORY' (cds.lib command ignored).
DEFINE ncutils ./NCUTILS
|
xmvlog_cg: *W,DLCPTH (/edatools/cdnc/XCELIUM2309/tools/inca/files/cdsvhdl.lib,6): cds.lib Invalid path '/edatools/cdnc/XCELIUM2309/tools/inca/files/NCUTILS' (cds.lib command ignored).
DEFINE ncinternal ./NCINTERNAL
|
xmvlog_cg: *W,DLCPTH (/edatools/cdnc/XCELIUM2309/tools/inca/files/cdsvhdl.lib,7): cds.lib Invalid path '/edatools/cdnc/XCELIUM2309/tools/inca/files/NCINTERNAL' (cds.lib command ignored).
DEFINE ncmodels ./NCMODELS
|
xmvlog_cg: *W,DLCPTH (/edatools/cdnc/XCELIUM2309/tools/inca/files/cdsvhdl.lib,8): cds.lib Invalid path '/edatools/cdnc/XCELIUM2309/tools/inca/files/NCMODELS' (cds.lib command ignored).
DEFINE xmutils ./XMUTILS
|
xmvlog_cg: *W,DLCPTH (/edatools/cdnc/XCELIUM2309/tools/inca/files/cdsvhdl.lib,9): cds.lib Invalid path '/edatools/cdnc/XCELIUM2309/tools/inca/files/XMUTILS' (cds.lib command ignored).
DEFINE xminternal ./XMINTERNAL
|
xmvlog_cg: *W,DLCPTH (/edatools/cdnc/XCELIUM2309/tools/inca/files/cdsvhdl.lib,10): cds.lib Invalid path '/edatools/cdnc/XCELIUM2309/tools/inca/files/XMINTERNAL' (cds.lib command ignored).
DEFINE xmmodels ./XMMODELS
|
xmvlog_cg: *W,DLCPTH (/edatools/cdnc/XCELIUM2309/tools/inca/files/cdsvhdl.lib,11): cds.lib Invalid path '/edatools/cdnc/XCELIUM2309/tools/inca/files/XMMODELS' (cds.lib command ignored).
DEFINE cds_assertions ./CDS_ASSERTIONS
|
xmvlog_cg: *W,DLCPTH (/edatools/cdnc/XCELIUM2309/tools/inca/files/cdsvhdl.lib,12): cds.lib Invalid path '/edatools/cdnc/XCELIUM2309/tools/inca/files/CDS_ASSERTIONS' (cds.lib command ignored).
DEFINE cds_inhconn ./CDS_INHCONN
|
xmvlog_cg: *W,DLCPTH (/edatools/cdnc/XCELIUM2309/tools/inca/files/cdsvhdl.lib,13): cds.lib Invalid path '/edatools/cdnc/XCELIUM2309/tools/inca/files/CDS_INHCONN' (cds.lib command ignored).
DEFINE cds_spicelib ./CDS_SPICELIB
|
xmvlog_cg: *W,DLCPTH (/edatools/cdnc/XCELIUM2309/tools/inca/files/cdsvhdl.lib,14): cds.lib Invalid path '/edatools/cdnc/XCELIUM2309/tools/inca/files/CDS_SPICELIB' (cds.lib command ignored).
DEFINE cds_amsfunctions ./CDS_AMSFUNCTIONS
|
xmvlog_cg: *W,DLCPTH (/edatools/cdnc/XCELIUM2309/tools/inca/files/cdsvhdl.lib,15): cds.lib Invalid path '/edatools/cdnc/XCELIUM2309/tools/inca/files/CDS_AMSFUNCTIONS' (cds.lib command ignored).
		worklib.tb_lods_12_pre:sv <0x33e51e1c>
			streams:   8, words:  5344
	Building instance specific data structures.
	Loading native compiled code:     .................... Done
	Design hierarchy summary:
		                 Instances  Unique
		Modules:                 8       6
		Registers:              18      18
		Scalar wires:           28       -
		Expanded wires:         18       4
		Vectored wires:         11       -
		Always blocks:           2       2
		Initial blocks:          1       1
		Cont. assignments:      19      10
		Pseudo assignments:     15       -
		Simulation timescale:  1ps
	Writing initial simulation snapshot: worklib.tb_lods_12_pre:sv
DEFINE std       ./STD
|
xmsim: *W,DLCPTH (/edatools/cdnc/XCELIUM2309/tools/inca/files/cdsvhdl.lib,1): cds.lib Invalid path '/edatools/cdnc/XCELIUM2309/tools/inca/files/STD' (cds.lib command ignored).
DEFINE synopsys  ./SYNOPSYS
|
xmsim: *W,DLCPTH (/edatools/cdnc/XCELIUM2309/tools/inca/files/cdsvhdl.lib,2): cds.lib Invalid path '/edatools/cdnc/XCELIUM2309/tools/inca/files/SYNOPSYS' (cds.lib command ignored).
DEFINE ieee      ./IEEE
|
xmsim: *W,DLCPTH (/edatools/cdnc/XCELIUM2309/tools/inca/files/cdsvhdl.lib,3): cds.lib Invalid path '/edatools/cdnc/XCELIUM2309/tools/inca/files/IEEE' (cds.lib command ignored).
DEFINE ambit     ./AMBIT
|
xmsim: *W,DLCPTH (/edatools/cdnc/XCELIUM2309/tools/inca/files/cdsvhdl.lib,4): cds.lib Invalid path '/edatools/cdnc/XCELIUM2309/tools/inca/files/AMBIT' (cds.lib command ignored).
DEFINE vital_memory ./VITAL_MEMORY
|
xmsim: *W,DLCPTH (/edatools/cdnc/XCELIUM2309/tools/inca/files/cdsvhdl.lib,5): cds.lib Invalid path '/edatools/cdnc/XCELIUM2309/tools/inca/files/VITAL_MEMORY' (cds.lib command ignored).
DEFINE ncutils ./NCUTILS
|
xmsim: *W,DLCPTH (/edatools/cdnc/XCELIUM2309/tools/inca/files/cdsvhdl.lib,6): cds.lib Invalid path '/edatools/cdnc/XCELIUM2309/tools/inca/files/NCUTILS' (cds.lib command ignored).
DEFINE ncinternal ./NCINTERNAL
|
xmsim: *W,DLCPTH (/edatools/cdnc/XCELIUM2309/tools/inca/files/cdsvhdl.lib,7): cds.lib Invalid path '/edatools/cdnc/XCELIUM2309/tools/inca/files/NCINTERNAL' (cds.lib command ignored).
DEFINE ncmodels ./NCMODELS
|
xmsim: *W,DLCPTH (/edatools/cdnc/XCELIUM2309/tools/inca/files/cdsvhdl.lib,8): cds.lib Invalid path '/edatools/cdnc/XCELIUM2309/tools/inca/files/NCMODELS' (cds.lib command ignored).
DEFINE xmutils ./XMUTILS
|
xmsim: *W,DLCPTH (/edatools/cdnc/XCELIUM2309/tools/inca/files/cdsvhdl.lib,9): cds.lib Invalid path '/edatools/cdnc/XCELIUM2309/tools/inca/files/XMUTILS' (cds.lib command ignored).
DEFINE xminternal ./XMINTERNAL
|
xmsim: *W,DLCPTH (/edatools/cdnc/XCELIUM2309/tools/inca/files/cdsvhdl.lib,10): cds.lib Invalid path '/edatools/cdnc/XCELIUM2309/tools/inca/files/XMINTERNAL' (cds.lib command ignored).
DEFINE xmmodels ./XMMODELS
|
xmsim: *W,DLCPTH (/edatools/cdnc/XCELIUM2309/tools/inca/files/cdsvhdl.lib,11): cds.lib Invalid path '/edatools/cdnc/XCELIUM2309/tools/inca/files/XMMODELS' (cds.lib command ignored).
DEFINE cds_assertions ./CDS_ASSERTIONS
|
xmsim: *W,DLCPTH (/edatools/cdnc/XCELIUM2309/tools/inca/files/cdsvhdl.lib,12): cds.lib Invalid path '/edatools/cdnc/XCELIUM2309/tools/inca/files/CDS_ASSERTIONS' (cds.lib command ignored).
DEFINE cds_inhconn ./CDS_INHCONN
|
xmsim: *W,DLCPTH (/edatools/cdnc/XCELIUM2309/tools/inca/files/cdsvhdl.lib,13): cds.lib Invalid path '/edatools/cdnc/XCELIUM2309/tools/inca/files/CDS_INHCONN' (cds.lib command ignored).
DEFINE cds_spicelib ./CDS_SPICELIB
|
xmsim: *W,DLCPTH (/edatools/cdnc/XCELIUM2309/tools/inca/files/cdsvhdl.lib,14): cds.lib Invalid path '/edatools/cdnc/XCELIUM2309/tools/inca/files/CDS_SPICELIB' (cds.lib command ignored).
DEFINE cds_amsfunctions ./CDS_AMSFUNCTIONS
|
xmsim: *W,DLCPTH (/edatools/cdnc/XCELIUM2309/tools/inca/files/cdsvhdl.lib,15): cds.lib Invalid path '/edatools/cdnc/XCELIUM2309/tools/inca/files/CDS_AMSFUNCTIONS' (cds.lib command ignored).
Loading snapshot worklib.tb_lods_12_pre:sv .................... Done
xcelium> source /edatools/cdnc/XCELIUM2309/tools/xcelium/files/xmsimrc
xcelium> run
test pass
xmsim: *W,RNQUIE: Simulation is complete.
xcelium> exit
TOOL:	xrun(64)	23.09-s001: Exiting on Oct 15, 2024 at 00:25:59 UTC  (total: 00:00:04)
