Cadence Genus(TM) Synthesis Solution.
Copyright 2021 Cadence Design Systems, Inc. All rights reserved worldwide.
Cadence and the Cadence logo are registered trademarks and Genus is a trademark
of Cadence Design Systems, Inc. in the United States and other countries.

Version: 21.10-p002_1, built Fri Aug 20 03:13:13 PDT 2021
Options: -legacy_ui -files alfacen_genus.tcl 
Date:    Tue Oct 15 00:27:57 2024
Host:    joc047 (x86_64 w/Linux 4.19.0-20-amd64) (12cores*4cpus*1physical cpu*Intel(R) Xeon(R) Gold 5118 CPU @ 2.30GHz 16896KB) (8388608KB)
PID:     6359
OS:      CentOS Linux release 7.9.2009 (Core)

Checking out license: Genus_Synthesis


***********************************************************************************************************
***********************************************************************************************************



Loading tool scripts...
Finished loading tool scripts (12 seconds elapsed).

#@ Processing -files option
@genus 1> source alfacen_genus.tcl
  Setting attribute of root '/': 'init_lib_search_path' = /home/joc/jc_work/LODs/genus/
  Setting attribute of root '/': 'script_search_path' = /home/joc/jc_work/LODs/genus/
  Setting attribute of root '/': 'init_hdl_search_path' = /home/joc/jc_work/LODs/rtl/
  Setting attribute of root '/': 'hdl_language' = sv

Threads Configured:3
Warning : Missing pg_pin group in the library. [LBR-702]
        : No pg_pin with name 'VNB' has been read in the cell 'sky130_fd_sc_hd__lpflow_lsbuf_lh_hl_isowell_tap_1'. The attribute 'related_bias_pin' specified for the pg_pin 'VGND' is being ignored. (File /home/joc/jc_work/LODs/genus//sky130_fd_sc_hd__ff_100C_1v65.lib, Line 82148)
Warning : Missing pg_pin group in the library. [LBR-702]
        : No pg_pin with name 'VNB' has been read in the cell 'sky130_fd_sc_hd__lpflow_lsbuf_lh_hl_isowell_tap_2'. The attribute 'related_bias_pin' specified for the pg_pin 'VGND' is being ignored. (File /home/joc/jc_work/LODs/genus//sky130_fd_sc_hd__ff_100C_1v65.lib, Line 82282)
Warning : Missing pg_pin group in the library. [LBR-702]
        : No pg_pin with name 'VNB' has been read in the cell 'sky130_fd_sc_hd__lpflow_lsbuf_lh_hl_isowell_tap_4'. The attribute 'related_bias_pin' specified for the pg_pin 'VGND' is being ignored. (File /home/joc/jc_work/LODs/genus//sky130_fd_sc_hd__ff_100C_1v65.lib, Line 82416)
Warning : Missing pg_pin group in the library. [LBR-702]
        : No pg_pin with name 'VNB' has been read in the cell 'sky130_fd_sc_hd__lpflow_lsbuf_lh_isowell_tap_1'. The attribute 'related_bias_pin' specified for the pg_pin 'VGND' is being ignored. (File /home/joc/jc_work/LODs/genus//sky130_fd_sc_hd__ff_100C_1v65.lib, Line 82693)
Warning : Missing pg_pin group in the library. [LBR-702]
        : No pg_pin with name 'VNB' has been read in the cell 'sky130_fd_sc_hd__lpflow_lsbuf_lh_isowell_tap_2'. The attribute 'related_bias_pin' specified for the pg_pin 'VGND' is being ignored. (File /home/joc/jc_work/LODs/genus//sky130_fd_sc_hd__ff_100C_1v65.lib, Line 82827)
Warning : Missing pg_pin group in the library. [LBR-702]
        : No pg_pin with name 'VNB' has been read in the cell 'sky130_fd_sc_hd__lpflow_lsbuf_lh_isowell_tap_4'. The attribute 'related_bias_pin' specified for the pg_pin 'VGND' is being ignored. (File /home/joc/jc_work/LODs/genus//sky130_fd_sc_hd__ff_100C_1v65.lib, Line 82961)

  Message Summary for Library sky130_fd_sc_hd__ff_100C_1v65.lib:
  **************************************************************
  Missing pg_pin group in the library. [LBR-702]: 6
  An unsupported construct was detected in this library. [LBR-40]: 1
  **************************************************************
 
Info    : Created nominal operating condition. [LBR-412]
        : Operating condition '_nominal_' was created for the PVT values (1.000000, 1.650000, 100.000000) in library 'sky130_fd_sc_hd__ff_100C_1v65.lib'.
        : The nominal operating condition is represented, either by the nominal PVT values specified in the library source (via nom_process,nom_voltage and nom_temperature respectively), or by the default PVT values (1.0,1.0,1.0).
Warning : Library cell has no output pins defined. [LBR-9]
        : Library cell 'sky130_fd_sc_hd__decap_12' must have an output pin.
        : Add the missing output pin(s), then reload the library. Else the library cell will be marked as timing model i.e. unusable. Timing_model means that the cell does not have any defined function. If there is no output pin, Genus will mark library cell as unusable i.e. the attribute 'usable' will be marked to 'false' on the libcell. Therefore, the cell is not used for mapping and it will not be picked up from the library for synthesis. If you query the attribute 'unusable_reason' on the libcell; result will be: 'Library cell has no output pins.'Note: The message LBR-9 is only for the logical pins and not for the power_ground pins. Genus will depend upon the output function defined in the pin group (output pin) of the cell, to use it for mapping. The pg_pin will not have any function defined.
Warning : Library cell has no output pins defined. [LBR-9]
        : Library cell 'sky130_fd_sc_hd__decap_12' must have an output pin.
Warning : Library cell has no output pins defined. [LBR-9]
        : Library cell 'sky130_fd_sc_hd__decap_3' must have an output pin.
Warning : Library cell has no output pins defined. [LBR-9]
        : Library cell 'sky130_fd_sc_hd__decap_3' must have an output pin.
Warning : Library cell has no output pins defined. [LBR-9]
        : Library cell 'sky130_fd_sc_hd__decap_4' must have an output pin.
Warning : Library cell has no output pins defined. [LBR-9]
        : Library cell 'sky130_fd_sc_hd__decap_4' must have an output pin.
Warning : Library cell has no output pins defined. [LBR-9]
        : Library cell 'sky130_fd_sc_hd__decap_6' must have an output pin.
Warning : Library cell has no output pins defined. [LBR-9]
        : Library cell 'sky130_fd_sc_hd__decap_6' must have an output pin.
Warning : Library cell has no output pins defined. [LBR-9]
        : Library cell 'sky130_fd_sc_hd__decap_8' must have an output pin.
Warning : Library cell has no output pins defined. [LBR-9]
        : Library cell 'sky130_fd_sc_hd__decap_8' must have an output pin.
Warning : Library cell has no output pins defined. [LBR-9]
        : Library cell 'sky130_fd_sc_hd__diode_2' must have an output pin.
Warning : Library cell has no output pins defined. [LBR-9]
        : Library cell 'sky130_fd_sc_hd__diode_2' must have an output pin.
Warning : Library cell has no output pins defined. [LBR-9]
        : Library cell 'sky130_fd_sc_hd__lpflow_bleeder_1' must have an output pin.
Warning : Library cell has no output pins defined. [LBR-9]
        : Library cell 'sky130_fd_sc_hd__lpflow_bleeder_1' must have an output pin.
Warning : Library cell has no output pins defined. [LBR-9]
        : Library cell 'sky130_fd_sc_hd__lpflow_decapkapwr_12' must have an output pin.
Warning : Library cell has no output pins defined. [LBR-9]
        : Library cell 'sky130_fd_sc_hd__lpflow_decapkapwr_12' must have an output pin.
Warning : Library cell has no output pins defined. [LBR-9]
        : Library cell 'sky130_fd_sc_hd__lpflow_decapkapwr_3' must have an output pin.
Warning : Library cell has no output pins defined. [LBR-9]
        : Library cell 'sky130_fd_sc_hd__lpflow_decapkapwr_3' must have an output pin.
Warning : Library cell has no output pins defined. [LBR-9]
        : Library cell 'sky130_fd_sc_hd__lpflow_decapkapwr_4' must have an output pin.
Warning : Library cell has no output pins defined. [LBR-9]
        : Library cell 'sky130_fd_sc_hd__lpflow_decapkapwr_4' must have an output pin.
  Setting attribute of root '/': 'library' = sky130_fd_sc_hd__ff_100C_1v65.lib
  Setting attribute of root '/': 'timing_disable_library_data_to_data_checks' = false
  Setting attribute of root '/': 'timing_disable_non_sequential_checks' = false
  Library has 328 usable logic and 56 usable sequential lib-cells.
Warning : Non-monotonic wireload model found. [LBR-81]
        : 'Length' table in wireload model 'Huge' is non-monotonic.
        : Non-monotonic wireload models can cause problems during synthesis and/or mapping.  Raising some of the points in the curve to give it a monotonic shape.
Warning : Non-monotonic wireload model found. [LBR-81]
        : 'Length' table in wireload model 'Huge' is non-monotonic.
Warning : Non-monotonic wireload model found. [LBR-81]
        : 'Length' table in wireload model 'Huge' is non-monotonic.
Warning : Non-monotonic wireload model found. [LBR-81]
        : 'Length' table in wireload model 'Large' is non-monotonic.
Warning : Non-monotonic wireload model found. [LBR-81]
        : 'Length' table in wireload model 'Large' is non-monotonic.
Warning : Non-monotonic wireload model found. [LBR-81]
        : 'Length' table in wireload model 'Large' is non-monotonic.
Warning : Non-monotonic wireload model found. [LBR-81]
        : 'Length' table in wireload model 'Medium' is non-monotonic.
Warning : Non-monotonic wireload model found. [LBR-81]
        : 'Length' table in wireload model 'Medium' is non-monotonic.
Warning : Non-monotonic wireload model found. [LBR-81]
        : 'Length' table in wireload model 'Medium' is non-monotonic.
Warning : Non-monotonic wireload model found. [LBR-81]
        : 'Length' table in wireload model 'Small' is non-monotonic.
Warning : Non-monotonic wireload model found. [LBR-81]
        : 'Length' table in wireload model 'Small' is non-monotonic.
Warning : Non-monotonic wireload model found. [LBR-81]
        : 'Length' table in wireload model 'Small' is non-monotonic.
Info    : Elaborating Design. [ELAB-1]
        : Elaborating top-level block 'lods_12_pre' from file '../rtl/lods_12_pre.sv'.
Info    : Done Elaborating Design. [ELAB-3]
        : Done elaborating 'lods_12_pre'.
Checking for analog nets...
Check completed for analog nets.
Checking for source RTL...
Check completed for source RTL.
Running Unified Mux Engine Tricks...
Completed Unified Mux Engine Tricks
--------------------------------------------------------
| Trick             | Accepts | Rejects | Runtime (ms) | 
--------------------------------------------------------
| ume_constant_bmux |       0 |       0 |         0.00 | 
--------------------------------------------------------
Starting clip mux common data inputs [v1.0] (stage: post_elab, startdef: lods_12_pre, recur: true)
Completed clip mux common data inputs (accepts: 0, rejects: 0, runtime: 0.000s)
Starting clip the non-user hierarchies [v2.0] (stage: post_elab, startdef: lods_12_pre, recur: true)
Completed clip the non-user hierarchies (accepts: 0, rejects: 0, runtime: 0.001s)
##Generic Timing Info for library domain: _default_ typical gate delay: 133.1 ps std_slew: 20.0 ps std_load: 5.0 fF
Starting mux data reorder optimization [v1.0] (stage: pre_to_gen_setup, startdef: lods_12_pre, recur: true)
Completed mux data reorder optimization (accepts: 0, rejects: 0, runtime: 0.001s)
Info    : Synthesizing. [SYNTH-1]
        : Synthesizing 'lods_12_pre' to generic gates using 'medium' effort.
PBS_Generic-Start - Elapsed_Time 0, CPU_Time 0.0
stamp 'PBS_Generic-Start' being created for table 'pbs_debug'

  Total Time (Wall) |  Stage Time (Wall)  |   % (Wall)   |    Date - Time     |  Memory   | Stage
--------------------+---------------------+--------------+--------------------+-----------+----------------------
 00:00:12(00:00:07) |  00:00:00(00:00:00) |   0.0(  0.0) |    0:28:11 (Oct15) |  408.0 MB | PBS_Generic-Start
--------------------+---------------------+--------------+--------------------+-----------+----------------------
Number of threads: 8 * 1   (id: pbs_debug, time_info v1.57)
Info: (*N*) indicates data that was populated from previously saved time_info database
Info: CPU time includes time of parent + longest thread
TNS Restructuring config: no_value at stage: generic applied.
Info    : Partition Based Synthesis execution skipped. [PHYS-752]
        : Design size is less than the partition size '100000' for distributed generic optimization to kick in.
Starting mux data reorder optimization [v1.0] (stage: pre_to_gen_setup, startdef: lods_12_pre, recur: true)
Completed mux data reorder optimization (accepts: 0, rejects: 0, runtime: 0.000s)
Starting mux data reorder optimization [v1.0] (stage: post_to_gen_setup, startdef: lods_12_pre, recur: true)
Completed mux data reorder optimization (accepts: 0, rejects: 0, runtime: 0.000s)
Running Unified Mux Engine Tricks...
Completed Unified Mux Engine Tricks
--------------------------------------------
| Trick | Accepts | Rejects | Runtime (ms) | 
--------------------------------------------
--------------------------------------------
Starting datapath recasting [v1.0] (stage: pre_rtlopt, startdef: lods_12_pre, recur: true)
Completed datapath recasting (accepts: 0, rejects: 0, runtime: 0.000s)
Starting infer macro optimization [v1.0] (stage: pre_rtlopt, startdef: lods_12_pre, recur: true)
Completed infer macro optimization (accepts: 0, rejects: 0, runtime: 0.001s)
Starting decode mux sandwich optimization [v2.0] (stage: pre_rtlopt, startdef: lods_12_pre, recur: true)
Completed decode mux sandwich optimization (accepts: 0, rejects: 0, runtime: 0.000s)
Starting decode mux optimization [v1.0] (stage: pre_rtlopt, startdef: lods_12_pre, recur: true)
Completed decode mux optimization (accepts: 0, rejects: 0, runtime: 0.000s)
Starting chop wide muxes [v1.0] (stage: pre_rtlopt, startdef: lods_12_pre, recur: true)
Completed chop wide muxes (accepts: 0, rejects: 0, runtime: 0.000s)
Starting common data mux cascade opt [v1.0] (stage: pre_rtlopt, startdef: lods_12_pre, recur: true)
Completed common data mux cascade opt (accepts: 0, rejects: 0, runtime: 0.000s)
Starting mux input consolidation [v1.0] (stage: pre_rtlopt, startdef: lods_12_pre, recur: true)
Completed mux input consolidation (accepts: 0, rejects: 0, runtime: 0.000s)
Starting priority mux optimization [v1.0] (stage: pre_rtlopt, startdef: lods_12_pre, recur: true)
Completed priority mux optimization (accepts: 0, rejects: 0, runtime: 0.004s)
Starting constant-data mux optimization [v1.0] (stage: pre_rtlopt, startdef: lods_12_pre, recur: true)
Completed constant-data mux optimization (accepts: 0, rejects: 0, runtime: 0.000s)
Starting chain-to-tree inequality transform [v2.0] (stage: pre_rtlopt, startdef: lods_12_pre, recur: true)
Completed chain-to-tree inequality transform (accepts: 0, rejects: 0, runtime: 0.001s)
Starting reconvergence optimization [v1.0] (stage: pre_rtlopt, startdef: lods_12_pre, recur: true)
Completed reconvergence optimization (accepts: 0, rejects: 0, runtime: 0.000s)
Starting logic restructure optimization [v1.0] (stage: pre_rtlopt, startdef: lods_12_pre, recur: true)
Completed logic restructure optimization (accepts: 0, rejects: 0, runtime: 0.000s)
Starting common select mux optimization [v1.0] (stage: pre_rtlopt, startdef: lods_12_pre, recur: true)
Completed common select mux optimization (accepts: 0, rejects: 0, runtime: 0.000s)
Starting identity transform [v3.0] (stage: pre_rtlopt, startdef: lods_12_pre, recur: true)
Completed identity transform (accepts: 0, rejects: 0, runtime: 0.000s)
Starting reduce operator chain [v1.0] (stage: pre_rtlopt, startdef: lods_12_pre, recur: true)
Completed reduce operator chain (accepts: 0, rejects: 0, runtime: 0.000s)
Starting common data mux cascade opt [v1.0] (stage: pre_rtlopt, startdef: lods_12_pre, recur: true)
Completed common data mux cascade opt (accepts: 0, rejects: 0, runtime: 0.000s)
Starting mux input consolidation [v1.0] (stage: pre_rtlopt, startdef: lods_12_pre, recur: true)
Completed mux input consolidation (accepts: 0, rejects: 0, runtime: 0.000s)
Starting optimize datapath elements [v1.0] (stage: pre_rtlopt, startdef: lods_12_pre, recur: true)
Completed optimize datapath elements (accepts: 0, rejects: 0, runtime: 0.000s)
Starting clip mux common data inputs [v1.0] (stage: pre_rtlopt, startdef: lods_12_pre, recur: true)
Completed clip mux common data inputs (accepts: 0, rejects: 0, runtime: 0.000s)
Starting clip the non-user hierarchies [v2.0] (stage: pre_rtlopt, startdef: lods_12_pre, recur: true)
Completed clip the non-user hierarchies (accepts: 0, rejects: 0, runtime: 0.000s)
Running Unified Mux Engine Tricks...
Completed Unified Mux Engine Tricks
--------------------------------------------------
| Trick       | Accepts | Rejects | Runtime (ms) | 
--------------------------------------------------
| ume_runtime |       0 |       0 |         0.00 | 
--------------------------------------------------
Number of big hc bmuxes before = 0
Info    : Pre-processed datapath logic. [DPOPT-6]
        : No pre-processing optimizations applied to datapath logic in 'lods_12_pre'.
Info    : Skipping datapath optimization. [DPOPT-5]
        : There is no datapath logic in 'lods_12_pre'.
Number of big hc bmuxes after = 0
Starting logic reduction [v1.0] (stage: post_rtlopt, startdef: lods_12_pre, recur: true)
Completed logic reduction (accepts: 0, rejects: 0, runtime: 0.000s)
Starting mux data reorder optimization [v1.0] (stage: post_rtlopt, startdef: lods_12_pre, recur: true)
Completed mux data reorder optimization (accepts: 0, rejects: 0, runtime: 0.000s)
Starting mux speculation [v1.0] (stage: post_muxopt, startdef: lods_12_pre, recur: true)
Starting speculation optimization
Completed speculation optimization (accepts:0)
Completed mux speculation (accepts: 0, rejects: 0, runtime: 0.005s)
==================================
Stage : to_generic 
==================================
  =================
   Message Summary
  =================
----------------------------------------------------------------------------------------------------------------------------------------------------------------------------------------------
|    Id    |  Sev   |Count |                                                                          Message Text                                                                           |
----------------------------------------------------------------------------------------------------------------------------------------------------------------------------------------------
| CDFG-372 |Info    |    7 |Bitwidth mismatch in assignment.                                                                                                                                 |
|          |        |      |Review and make sure the mismatch is unintentional. Genus can possibly issue bitwidth mismatch warning for explicit assignments present in RTL as-well-as for    |
|          |        |      | implicit assignments inferred by the tool. For example, in case of enum declaration without value, the tool will implicitly assign value to the enum variables. |
|          |        |      | It also issues the warning for any bitwidth mismatch that appears in this implicit assignment.                                                                  |
| CDFG-771 |Info    |    1 |Replaced logic with a constant value.                                                                                                                            |
| DPOPT-5  |Info    |    1 |Skipping datapath optimization.                                                                                                                                  |
| DPOPT-6  |Info    |    1 |Pre-processed datapath logic.                                                                                                                                    |
| ELAB-1   |Info    |    1 |Elaborating Design.                                                                                                                                              |
| ELAB-2   |Info    |    3 |Elaborating Subdesign.                                                                                                                                           |
| ELAB-3   |Info    |    1 |Done Elaborating Design.                                                                                                                                         |
| GLO-51   |Info    |    3 |Hierarchical instance automatically ungrouped.                                                                                                                   |
|          |        |      |Hierarchical instances can be automatically ungrouped to allow for better area or timing optimization. To prevent this ungroup, set the root-level attribute     |
|          |        |      | 'auto_ungroup' to 'none'. You can also prevent individual ungroup with setting the attribute 'ungroup_ok' of instances or modules to 'false'.                   |
| LBR-9    |Warning |   24 |Library cell has no output pins defined.                                                                                                                         |
|          |        |      |Add the missing output pin(s)                                                                                                                                    |
|          |        |      | , then reload the library. Else the library cell will be marked as timing model i.e. unusable. Timing_model means that the cell does not have any defined       |
|          |        |      | function. If there is no output pin, Genus will mark library cell as unusable i.e. the attribute 'usable' will be marked to 'false' on the libcell. Therefore,  |
|          |        |      | the cell is not used for mapping and it will not be picked up from the library for synthesis. If you query the attribute 'unusable_reason' on the libcell;      |
|          |        |      | result will be: 'Library cell has no output pins.'Note: The message LBR-9 is only for the logical pins and not for the power_ground pins. Genus will depend     |
|          |        |      | upon the output function defined in the pin group (output pin) of the cell, to use it for mapping. The pg_pin will not have any function defined.               |
| LBR-40   |Info    |    1 |An unsupported construct was detected in this library.                                                                                                           |
|          |        |      |Check to see if this construct is really needed for synthesis. Many liberty constructs are not actually required.                                                |
| LBR-81   |Warning |   12 |Non-monotonic wireload model found.                                                                                                                              |
|          |        |      |Non-monotonic wireload models can cause problems during synthesis and/or mapping.  Raising some of the points in the curve to give it a monotonic shape.         |
| LBR-155  |Info    |  134 |Mismatch in unateness between 'timing_sense' attribute and the function.                                                                                         |
|          |        |      |The 'timing_sense' attribute will be respected.                                                                                                                  |
| LBR-161  |Info    |    1 |Setting the maximum print count of this message to 10 if information_level is less than 9.                                                                       |
| LBR-162  |Info    |   67 |Both 'pos_unate' and 'neg_unate' timing_sense arcs have been processed.                                                                                          |
|          |        |      |Setting the 'timing_sense' to non_unate.                                                                                                                         |
| LBR-412  |Info    |    1 |Created nominal operating condition.                                                                                                                             |
|          |        |      |The nominal operating condition is represented, either by the nominal PVT values specified in the library source                                                 |
|          |        |      | (via nom_process,nom_voltage and nom_temperature respectively), or by the default PVT values (1.0,1.0,1.0).                                                     |
| LBR-702  |Warning |    6 |Missing pg_pin group in the library.                                                                                                                             |
| PHYS-752 |Info    |    1 |Partition Based Synthesis execution skipped.                                                                                                                     |
| SYNTH-1  |Info    |    1 |Synthesizing.                                                                                                                                                    |
----------------------------------------------------------------------------------------------------------------------------------------------------------------------------------------------
Mapper: Libraries have:
	domain _default_: 328 combo usable cells and 56 sequential usable cells
Multi-threaded constant propagation [1|0] ...
Multi-threaded Virtual Mapping    (4 threads, 4 of 4 CPUs usable)
==================================
Stage : first_condense 
==================================
  =================
   Message Summary
  =================
----------------------------------------------------------------------------------------------------------------------------------------------------------------------------------------------
|   Id   |Sev  |Count |                                                                            Message Text                                                                              |
----------------------------------------------------------------------------------------------------------------------------------------------------------------------------------------------
| GLO-51 |Info |    2 |Hierarchical instance automatically ungrouped.                                                                                                                        |
|        |     |      |Hierarchical instances can be automatically ungrouped to allow for better area or timing optimization. To prevent this ungroup, set the root-level attribute          |
|        |     |      | 'auto_ungroup' to 'none'. You can also prevent individual ungroup with setting the attribute 'ungroup_ok' of instances or modules to 'false'.                        |
----------------------------------------------------------------------------------------------------------------------------------------------------------------------------------------------
 
Global mapping target info
==========================
Cost Group 'default' target slack: Unconstrained

PBS_Generic_Opt-Post - Elapsed_Time 2, CPU_Time 1.9698530000000005
stamp 'PBS_Generic_Opt-Post' being created for table 'pbs_debug'

  Total Time (Wall) |  Stage Time (Wall)  |   % (Wall)   |    Date - Time     |  Memory   | Stage
--------------------+---------------------+--------------+--------------------+-----------+----------------------
 00:00:12(00:00:07) |  00:00:00(00:00:00) |   0.0(  0.0) |    0:28:11 (Oct15) |  408.0 MB | PBS_Generic-Start
--------------------+---------------------+--------------+--------------------+-----------+----------------------
 00:00:13(00:00:09) |  00:00:01(00:00:02) | 100.0(100.0) |    0:28:13 (Oct15) |  408.0 MB | PBS_Generic_Opt-Post
--------------------+---------------------+--------------+--------------------+-----------+----------------------
Number of threads: 8 * 1   (id: pbs_debug, time_info v1.57)
Info: (*N*) indicates data that was populated from previously saved time_info database
Info: CPU time includes time of parent + longest thread
PBS_Generic-Postgen HBO Optimizations - Elapsed_Time 0, CPU_Time 0.0
stamp 'PBS_Generic-Postgen HBO Optimizations' being created for table 'pbs_debug'

  Total Time (Wall) |  Stage Time (Wall)  |   % (Wall)   |    Date - Time     |  Memory   | Stage
--------------------+---------------------+--------------+--------------------+-----------+----------------------
 00:00:12(00:00:07) |  00:00:00(00:00:00) |   0.0(  0.0) |    0:28:11 (Oct15) |  408.0 MB | PBS_Generic-Start
--------------------+---------------------+--------------+--------------------+-----------+----------------------
 00:00:13(00:00:09) |  00:00:01(00:00:02) | 100.0(100.0) |    0:28:13 (Oct15) |  408.0 MB | PBS_Generic_Opt-Post
--------------------+---------------------+--------------+--------------------+-----------+----------------------
 00:00:13(00:00:09) |  00:00:00(00:00:00) |   0.0(  0.0) |    0:28:13 (Oct15) |  408.0 MB | PBS_Generic-Postgen HBO Optimizations
--------------------+---------------------+--------------+--------------------+-----------+----------------------
Number of threads: 8 * 1   (id: pbs_debug, time_info v1.57)
Info: (*N*) indicates data that was populated from previously saved time_info database
Info: CPU time includes time of parent + longest thread
##>=================== Cadence Confidential (Generic-Logical) ===================
##>=================== Cadence Confidential (Generic-Logical) ===================
##>Main Thread Summary:
##>----------------------------------------------------------------------------------------
##>STEP                           Elapsed       WNS       TNS     Insts      Area    Memory
##>----------------------------------------------------------------------------------------
##>G:Initial                            0         -         -        99       892       408
##>G:Setup                              0         -         -         -         -         -
##>G:Launch ST                          0         -         -         -         -         -
##>G:Design Partition                   0         -         -         -         -         -
##>G:Create Partition Netlists          0         -         -         -         -         -
##>G:Init Power                         0         -         -         -         -         -
##>G:Budgeting                          0         -         -         -         -         -
##>G:Derenv-DB                          0         -         -         -         -         -
##>G:Debug Outputs                      0         -         -         -         -         -
##>G:ST loading                         0         -         -         -         -         -
##>G:Distributed                        0         -         -         -         -         -
##>G:Timer                              0         -         -         -         -         -
##>G:Assembly                           0         -         -         -         -         -
##>G:DFT                                0         -         -         -         -         -
##>G:Const Prop                         0         -         -        81       677       408
##>G:Misc                               2
##>----------------------------------------------------------------------------------------
##>Total Elapsed                        2
##>========================================================================================
Info    : Done synthesizing. [SYNTH-2]
        : Done synthesizing 'lods_12_pre' to generic gates.
##Generic Timing Info for library domain: _default_ typical gate delay: 133.1 ps std_slew: 20.0 ps std_load: 5.0 fF
Info    : Mapping. [SYNTH-4]
        : Mapping 'lods_12_pre' using 'high' effort.
Mapper: Libraries have:
	domain _default_: 328 combo usable cells and 56 sequential usable cells
Configuring mapper costing (none)
TNS Restructuring config: no_value at stage: map applied.
PBS_TechMap-Start - Elapsed_Time 0, CPU_Time 0.0
stamp 'PBS_TechMap-Start' being created for table 'pbs_debug'

  Total Time (Wall) |  Stage Time (Wall)  |   % (Wall)   |    Date - Time     |  Memory   | Stage
--------------------+---------------------+--------------+--------------------+-----------+----------------------
 00:00:12(00:00:07) |  00:00:00(00:00:00) |   0.0(  0.0) |    0:28:11 (Oct15) |  408.0 MB | PBS_Generic-Start
--------------------+---------------------+--------------+--------------------+-----------+----------------------
 00:00:13(00:00:09) |  00:00:01(00:00:02) | 100.0(100.0) |    0:28:13 (Oct15) |  408.0 MB | PBS_Generic_Opt-Post
--------------------+---------------------+--------------+--------------------+-----------+----------------------
 00:00:13(00:00:09) |  00:00:00(00:00:00) |   0.0(  0.0) |    0:28:13 (Oct15) |  408.0 MB | PBS_Generic-Postgen HBO Optimizations
--------------------+---------------------+--------------+--------------------+-----------+----------------------
 00:00:13(00:00:09) |  00:00:00(00:00:00) |   0.0(  0.0) |    0:28:13 (Oct15) |  408.0 MB | PBS_TechMap-Start
--------------------+---------------------+--------------+--------------------+-----------+----------------------
Number of threads: 8 * 1   (id: pbs_debug, time_info v1.57)
Info: (*N*) indicates data that was populated from previously saved time_info database
Info: CPU time includes time of parent + longest thread
PBS_TechMap-Premap HBO Optimizations - Elapsed_Time 0, CPU_Time 0.0
stamp 'PBS_TechMap-Premap HBO Optimizations' being created for table 'pbs_debug'

  Total Time (Wall) |  Stage Time (Wall)  |   % (Wall)   |    Date - Time     |  Memory   | Stage
--------------------+---------------------+--------------+--------------------+-----------+----------------------
 00:00:12(00:00:07) |  00:00:00(00:00:00) |   0.0(  0.0) |    0:28:11 (Oct15) |  408.0 MB | PBS_Generic-Start
--------------------+---------------------+--------------+--------------------+-----------+----------------------
 00:00:13(00:00:09) |  00:00:01(00:00:02) | 100.0(100.0) |    0:28:13 (Oct15) |  408.0 MB | PBS_Generic_Opt-Post
--------------------+---------------------+--------------+--------------------+-----------+----------------------
 00:00:13(00:00:09) |  00:00:00(00:00:00) |   0.0(  0.0) |    0:28:13 (Oct15) |  408.0 MB | PBS_Generic-Postgen HBO Optimizations
--------------------+---------------------+--------------+--------------------+-----------+----------------------
 00:00:13(00:00:09) |  00:00:00(00:00:00) |   0.0(  0.0) |    0:28:13 (Oct15) |  408.0 MB | PBS_TechMap-Start
--------------------+---------------------+--------------+--------------------+-----------+----------------------
 00:00:13(00:00:09) |  00:00:00(00:00:00) |   0.0(  0.0) |    0:28:13 (Oct15) |  408.0 MB | PBS_TechMap-Premap HBO Optimizations
--------------------+---------------------+--------------+--------------------+-----------+----------------------
Number of threads: 8 * 1   (id: pbs_debug, time_info v1.57)
Info: (*N*) indicates data that was populated from previously saved time_info database
Info: CPU time includes time of parent + longest thread
Info    : Partition Based Synthesis execution skipped. [PHYS-752]
        : Design size is less than the partition size '100000' for distributed mapping optimization to kick in.
Mapper: Libraries have:
	domain _default_: 328 combo usable cells and 56 sequential usable cells
Multi-threaded Virtual Mapping    (4 threads, 4 of 4 CPUs usable)
 
Global mapping target info
==========================
Cost Group 'default' target slack: Unconstrained

Multi-threaded Virtual Mapping    (4 threads, 4 of 4 CPUs usable)
Multi-threaded Technology Mapping (4 threads, 4 of 4 CPUs usable)
 
Global mapping status
=====================
                                    Worst 
                           Total  Weighted
Operation                   Area  Neg Slk Worst Path
 global_map                  260        0  N/A

    Cost Group            Target    Slack    Diff.  Constr.
-----------------------------------------------------------
       default          unconst. unconst.              N.A. 

 
Global incremental target info
==============================
Cost Group 'default' target slack: Unconstrained

==================================
Stage : global_incr_map 
==================================
  =================
   Message Summary
  =================
-----------------------------------------------------------------------
|    Id    |Sev  |Count |                Message Text                 |
-----------------------------------------------------------------------
| PHYS-752 |Info |    1 |Partition Based Synthesis execution skipped. |
| SYNTH-2  |Info |    1 |Done synthesizing.                           |
| SYNTH-4  |Info |    1 |Mapping.                                     |
-----------------------------------------------------------------------
 
Global incremental optimization status
======================================
                                    Worst 
                           Total  Weighted
Operation                   Area  Neg Slk Worst Path
 global_incr                 260        0  N/A

    Cost Group            Target    Slack    Diff.  Constr.
-----------------------------------------------------------
       default          unconst. unconst.              N.A. 

INFO: skipping constant propagation
PBS_Techmap-Global Mapping - Elapsed_Time 1, CPU_Time 0.901408
stamp 'PBS_Techmap-Global Mapping' being created for table 'pbs_debug'

  Total Time (Wall) |  Stage Time (Wall)  |   % (Wall)   |    Date - Time     |  Memory   | Stage
--------------------+---------------------+--------------+--------------------+-----------+----------------------
 00:00:12(00:00:07) |  00:00:00(00:00:00) |   0.0(  0.0) |    0:28:11 (Oct15) |  408.0 MB | PBS_Generic-Start
--------------------+---------------------+--------------+--------------------+-----------+----------------------
 00:00:13(00:00:09) |  00:00:01(00:00:02) |  68.6( 66.7) |    0:28:13 (Oct15) |  408.0 MB | PBS_Generic_Opt-Post
--------------------+---------------------+--------------+--------------------+-----------+----------------------
 00:00:13(00:00:09) |  00:00:00(00:00:00) |   0.0(  0.0) |    0:28:13 (Oct15) |  408.0 MB | PBS_Generic-Postgen HBO Optimizations
--------------------+---------------------+--------------+--------------------+-----------+----------------------
 00:00:13(00:00:09) |  00:00:00(00:00:00) |   0.0(  0.0) |    0:28:13 (Oct15) |  408.0 MB | PBS_TechMap-Start
--------------------+---------------------+--------------+--------------------+-----------+----------------------
 00:00:13(00:00:09) |  00:00:00(00:00:00) |   0.0(  0.0) |    0:28:13 (Oct15) |  408.0 MB | PBS_TechMap-Premap HBO Optimizations
--------------------+---------------------+--------------+--------------------+-----------+----------------------
 00:00:14(00:00:10) |  00:00:00(00:00:01) |  31.4( 33.3) |    0:28:14 (Oct15) |  408.0 MB | PBS_Techmap-Global Mapping
--------------------+---------------------+--------------+--------------------+-----------+----------------------
Number of threads: 8 * 1   (id: pbs_debug, time_info v1.57)
Info: (*N*) indicates data that was populated from previously saved time_info database
Info: CPU time includes time of parent + longest thread
Warning : Command 'commit_power_intent' cannot proceed as there is no power intent loaded. [CPI-506]
        : Command 'commit_power_intent' requires a valid power_intent to be loaded.
Info    : Forcing flat compare. [CFM-212]
        : No hierarchies found in design.
Info    : Wrote formal verification information. [CFM-5]
        : Wrote 'fv/lods_12_pre/fv_map.fv.json' for netlist 'fv/lods_12_pre/fv_map.v.gz'.
Info    : Existing dofile found. Copied as fv/lods_12_pre/rtl_to_fv_map.do~.
Info    : Wrote dofile. [CFM-1]
        : Dofile is 'fv/lods_12_pre/rtl_to_fv_map.do'.
        : Alias mapping flow is enabled.
PBS_TechMap-Datapath Postmap Operations - Elapsed_Time 1, CPU_Time 1.0
stamp 'PBS_TechMap-Datapath Postmap Operations' being created for table 'pbs_debug'

  Total Time (Wall) |  Stage Time (Wall)  |   % (Wall)   |    Date - Time     |  Memory   | Stage
--------------------+---------------------+--------------+--------------------+-----------+----------------------
 00:00:12(00:00:07) |  00:00:00(00:00:00) |   0.0(  0.0) |    0:28:11 (Oct15) |  408.0 MB | PBS_Generic-Start
--------------------+---------------------+--------------+--------------------+-----------+----------------------
 00:00:13(00:00:09) |  00:00:01(00:00:02) |  50.9( 50.0) |    0:28:13 (Oct15) |  408.0 MB | PBS_Generic_Opt-Post
--------------------+---------------------+--------------+--------------------+-----------+----------------------
 00:00:13(00:00:09) |  00:00:00(00:00:00) |   0.0(  0.0) |    0:28:13 (Oct15) |  408.0 MB | PBS_Generic-Postgen HBO Optimizations
--------------------+---------------------+--------------+--------------------+-----------+----------------------
 00:00:13(00:00:09) |  00:00:00(00:00:00) |   0.0(  0.0) |    0:28:13 (Oct15) |  408.0 MB | PBS_TechMap-Start
--------------------+---------------------+--------------+--------------------+-----------+----------------------
 00:00:13(00:00:09) |  00:00:00(00:00:00) |   0.0(  0.0) |    0:28:13 (Oct15) |  408.0 MB | PBS_TechMap-Premap HBO Optimizations
--------------------+---------------------+--------------+--------------------+-----------+----------------------
 00:00:14(00:00:10) |  00:00:00(00:00:01) |  23.3( 25.0) |    0:28:14 (Oct15) |  408.0 MB | PBS_Techmap-Global Mapping
--------------------+---------------------+--------------+--------------------+-----------+----------------------
 00:00:15(00:00:11) |  00:00:01(00:00:01) |  25.8( 25.0) |    0:28:15 (Oct15) |  408.0 MB | PBS_TechMap-Datapath Postmap Operations
--------------------+---------------------+--------------+--------------------+-----------+----------------------
Number of threads: 8 * 1   (id: pbs_debug, time_info v1.57)
Info: (*N*) indicates data that was populated from previously saved time_info database
Info: CPU time includes time of parent + longest thread
PBS_TechMap-Postmap HBO Optimizations - Elapsed_Time 0, CPU_Time -0.00034600000000040154
stamp 'PBS_TechMap-Postmap HBO Optimizations' being created for table 'pbs_debug'

  Total Time (Wall) |  Stage Time (Wall)  |   % (Wall)   |    Date - Time     |  Memory   | Stage
--------------------+---------------------+--------------+--------------------+-----------+----------------------
 00:00:12(00:00:07) |  00:00:00(00:00:00) |   0.0(  0.0) |    0:28:11 (Oct15) |  408.0 MB | PBS_Generic-Start
--------------------+---------------------+--------------+--------------------+-----------+----------------------
 00:00:13(00:00:09) |  00:00:01(00:00:02) |  50.9( 50.0) |    0:28:13 (Oct15) |  408.0 MB | PBS_Generic_Opt-Post
--------------------+---------------------+--------------+--------------------+-----------+----------------------
 00:00:13(00:00:09) |  00:00:00(00:00:00) |   0.0(  0.0) |    0:28:13 (Oct15) |  408.0 MB | PBS_Generic-Postgen HBO Optimizations
--------------------+---------------------+--------------+--------------------+-----------+----------------------
 00:00:13(00:00:09) |  00:00:00(00:00:00) |   0.0(  0.0) |    0:28:13 (Oct15) |  408.0 MB | PBS_TechMap-Start
--------------------+---------------------+--------------+--------------------+-----------+----------------------
 00:00:13(00:00:09) |  00:00:00(00:00:00) |   0.0(  0.0) |    0:28:13 (Oct15) |  408.0 MB | PBS_TechMap-Premap HBO Optimizations
--------------------+---------------------+--------------+--------------------+-----------+----------------------
 00:00:14(00:00:10) |  00:00:00(00:00:01) |  23.3( 25.0) |    0:28:14 (Oct15) |  408.0 MB | PBS_Techmap-Global Mapping
--------------------+---------------------+--------------+--------------------+-----------+----------------------
 00:00:15(00:00:11) |  00:00:01(00:00:01) |  25.8( 25.0) |    0:28:15 (Oct15) |  408.0 MB | PBS_TechMap-Datapath Postmap Operations
--------------------+---------------------+--------------+--------------------+-----------+----------------------
 00:00:15(00:00:11) |  00:00:00(00:00:00) |  -0.0(  0.0) |    0:28:15 (Oct15) |  408.0 MB | PBS_TechMap-Postmap HBO Optimizations
--------------------+---------------------+--------------+--------------------+-----------+----------------------
Number of threads: 8 * 1   (id: pbs_debug, time_info v1.57)
Info: (*N*) indicates data that was populated from previously saved time_info database
Info: CPU time includes time of parent + longest thread
 Doing ConstProp on /designs/lods_12_pre ... 

IOPT-REDREM: Performing redundancy removal: Detected 0 redundant wires. CPU time 0.007 seconds.

PBS_TechMap-Postmap Clock Gating - Elapsed_Time 0, CPU_Time 0.0
stamp 'PBS_TechMap-Postmap Clock Gating' being created for table 'pbs_debug'

  Total Time (Wall) |  Stage Time (Wall)  |   % (Wall)   |    Date - Time     |  Memory   | Stage
--------------------+---------------------+--------------+--------------------+-----------+----------------------
 00:00:12(00:00:07) |  00:00:00(00:00:00) |   0.0(  0.0) |    0:28:11 (Oct15) |  408.0 MB | PBS_Generic-Start
--------------------+---------------------+--------------+--------------------+-----------+----------------------
 00:00:13(00:00:09) |  00:00:01(00:00:02) |  50.9( 50.0) |    0:28:13 (Oct15) |  408.0 MB | PBS_Generic_Opt-Post
--------------------+---------------------+--------------+--------------------+-----------+----------------------
 00:00:13(00:00:09) |  00:00:00(00:00:00) |   0.0(  0.0) |    0:28:13 (Oct15) |  408.0 MB | PBS_Generic-Postgen HBO Optimizations
--------------------+---------------------+--------------+--------------------+-----------+----------------------
 00:00:13(00:00:09) |  00:00:00(00:00:00) |   0.0(  0.0) |    0:28:13 (Oct15) |  408.0 MB | PBS_TechMap-Start
--------------------+---------------------+--------------+--------------------+-----------+----------------------
 00:00:13(00:00:09) |  00:00:00(00:00:00) |   0.0(  0.0) |    0:28:13 (Oct15) |  408.0 MB | PBS_TechMap-Premap HBO Optimizations
--------------------+---------------------+--------------+--------------------+-----------+----------------------
 00:00:14(00:00:10) |  00:00:00(00:00:01) |  23.3( 25.0) |    0:28:14 (Oct15) |  408.0 MB | PBS_Techmap-Global Mapping
--------------------+---------------------+--------------+--------------------+-----------+----------------------
 00:00:15(00:00:11) |  00:00:01(00:00:01) |  25.8( 25.0) |    0:28:15 (Oct15) |  408.0 MB | PBS_TechMap-Datapath Postmap Operations
--------------------+---------------------+--------------+--------------------+-----------+----------------------
 00:00:15(00:00:11) |  00:00:00(00:00:00) |  -0.0(  0.0) |    0:28:15 (Oct15) |  408.0 MB | PBS_TechMap-Postmap HBO Optimizations
--------------------+---------------------+--------------+--------------------+-----------+----------------------
 00:00:15(00:00:11) |  00:00:00(00:00:00) |   0.0(  0.0) |    0:28:15 (Oct15) |  408.0 MB | PBS_TechMap-Postmap Clock Gating
--------------------+---------------------+--------------+--------------------+-----------+----------------------
Number of threads: 8 * 1   (id: pbs_debug, time_info v1.57)
Info: (*N*) indicates data that was populated from previously saved time_info database
Info: CPU time includes time of parent + longest thread
-------------------------------------------------------------------------------
 hi_fo_buf                   260        0         0         0        0

           Trick     Calls     Accepts   Attempts    Time(secs) 
-----------------------------------------------------------
       hi_fo_buf         0  (        0 /        0 )  0.00

 
Incremental optimization status
===============================
                                    Worst     Total - - DRC Totals - -
                           Total  Weighted     Neg      Max       Max 
Operation                   Area  Neg Slk     Slack    Trans      Cap 
 init_delay                  260        0         0         0        0

           Trick     Calls     Accepts   Attempts    Time(secs) 
-----------------------------------------------------------
       crit_upsz         0  (        0 /        0 )  0.00
    plc_bal_star         0  (        0 /        0 )  0.00
     drc_buftimb         0  (        0 /        0 )  0.00
          plc_st         0  (        0 /        0 )  0.00
    plc_st_fence         0  (        0 /        0 )  0.00
        plc_star         0  (        0 /        0 )  0.00
      plc_laf_st         0  (        0 /        0 )  0.00
 plc_laf_st_fence         0  (        0 /        0 )  0.00
     drc_buftims         0  (        0 /        0 )  0.00
            fopt         0  (        0 /        0 )  0.00
   plc_laf_lo_st         0  (        0 /        0 )  0.00
       plc_lo_st         0  (        0 /        0 )  0.00
        mb_split         0  (        0 /        0 )  0.00

 
Local TNS optimization status
=============================
                                    Worst     Total - - DRC Totals - -
                           Total  Weighted     Neg      Max       Max 
Operation                   Area  Neg Slk     Slack    Trans      Cap 
 init_tns                    260        0         0         0        0

           Trick     Calls     Accepts   Attempts    Time(secs) 
-----------------------------------------------------------
    plc_bal_star         0  (        0 /        0 )  0.00
     drc_buftimb         0  (        0 /        0 )  0.00
     drc_buftims         0  (        0 /        0 )  0.00
       crit_upsz         0  (        0 /        0 )  0.00
   plc_laf_lo_st         0  (        0 /        0 )  0.00
       plc_lo_st         0  (        0 /        0 )  0.00
            fopt         0  (        0 /        0 )  0.00
       crit_dnsz         0  (        0 /        0 )  0.00
             dup         0  (        0 /        0 )  0.00
        setup_dn         0  (        0 /        0 )  0.00
        mb_split         0  (        0 /        0 )  0.00

PBS_TechMap-Postmap Cleanup - Elapsed_Time 0, CPU_Time -0.00022099999999980469
stamp 'PBS_TechMap-Postmap Cleanup' being created for table 'pbs_debug'

  Total Time (Wall) |  Stage Time (Wall)  |   % (Wall)   |    Date - Time     |  Memory   | Stage
--------------------+---------------------+--------------+--------------------+-----------+----------------------
 00:00:12(00:00:07) |  00:00:00(00:00:00) |   0.0(  0.0) |    0:28:11 (Oct15) |  408.0 MB | PBS_Generic-Start
--------------------+---------------------+--------------+--------------------+-----------+----------------------
 00:00:13(00:00:09) |  00:00:01(00:00:02) |  50.9( 50.0) |    0:28:13 (Oct15) |  408.0 MB | PBS_Generic_Opt-Post
--------------------+---------------------+--------------+--------------------+-----------+----------------------
 00:00:13(00:00:09) |  00:00:00(00:00:00) |   0.0(  0.0) |    0:28:13 (Oct15) |  408.0 MB | PBS_Generic-Postgen HBO Optimizations
--------------------+---------------------+--------------+--------------------+-----------+----------------------
 00:00:13(00:00:09) |  00:00:00(00:00:00) |   0.0(  0.0) |    0:28:13 (Oct15) |  408.0 MB | PBS_TechMap-Start
--------------------+---------------------+--------------+--------------------+-----------+----------------------
 00:00:13(00:00:09) |  00:00:00(00:00:00) |   0.0(  0.0) |    0:28:13 (Oct15) |  408.0 MB | PBS_TechMap-Premap HBO Optimizations
--------------------+---------------------+--------------+--------------------+-----------+----------------------
 00:00:14(00:00:10) |  00:00:00(00:00:01) |  23.3( 25.0) |    0:28:14 (Oct15) |  408.0 MB | PBS_Techmap-Global Mapping
--------------------+---------------------+--------------+--------------------+-----------+----------------------
 00:00:15(00:00:11) |  00:00:01(00:00:01) |  25.8( 25.0) |    0:28:15 (Oct15) |  408.0 MB | PBS_TechMap-Datapath Postmap Operations
--------------------+---------------------+--------------+--------------------+-----------+----------------------
 00:00:15(00:00:11) |  00:00:00(00:00:00) |  -0.0(  0.0) |    0:28:15 (Oct15) |  408.0 MB | PBS_TechMap-Postmap HBO Optimizations
--------------------+---------------------+--------------+--------------------+-----------+----------------------
 00:00:15(00:00:11) |  00:00:00(00:00:00) |   0.0(  0.0) |    0:28:15 (Oct15) |  408.0 MB | PBS_TechMap-Postmap Clock Gating
--------------------+---------------------+--------------+--------------------+-----------+----------------------
 00:00:15(00:00:11) |  00:00:00(00:00:00) |  -0.0(  0.0) |    0:28:15 (Oct15) |  408.0 MB | PBS_TechMap-Postmap Cleanup
--------------------+---------------------+--------------+--------------------+-----------+----------------------
Number of threads: 8 * 1   (id: pbs_debug, time_info v1.57)
Info: (*N*) indicates data that was populated from previously saved time_info database
Info: CPU time includes time of parent + longest thread
PBS_Techmap-Post_MBCI - Elapsed_Time 0, CPU_Time 0.0
stamp 'PBS_Techmap-Post_MBCI' being created for table 'pbs_debug'

  Total Time (Wall) |  Stage Time (Wall)  |   % (Wall)   |    Date - Time     |  Memory   | Stage
--------------------+---------------------+--------------+--------------------+-----------+----------------------
 00:00:12(00:00:07) |  00:00:00(00:00:00) |   0.0(  0.0) |    0:28:11 (Oct15) |  408.0 MB | PBS_Generic-Start
--------------------+---------------------+--------------+--------------------+-----------+----------------------
 00:00:13(00:00:09) |  00:00:01(00:00:02) |  50.9( 50.0) |    0:28:13 (Oct15) |  408.0 MB | PBS_Generic_Opt-Post
--------------------+---------------------+--------------+--------------------+-----------+----------------------
 00:00:13(00:00:09) |  00:00:00(00:00:00) |   0.0(  0.0) |    0:28:13 (Oct15) |  408.0 MB | PBS_Generic-Postgen HBO Optimizations
--------------------+---------------------+--------------+--------------------+-----------+----------------------
 00:00:13(00:00:09) |  00:00:00(00:00:00) |   0.0(  0.0) |    0:28:13 (Oct15) |  408.0 MB | PBS_TechMap-Start
--------------------+---------------------+--------------+--------------------+-----------+----------------------
 00:00:13(00:00:09) |  00:00:00(00:00:00) |   0.0(  0.0) |    0:28:13 (Oct15) |  408.0 MB | PBS_TechMap-Premap HBO Optimizations
--------------------+---------------------+--------------+--------------------+-----------+----------------------
 00:00:14(00:00:10) |  00:00:00(00:00:01) |  23.3( 25.0) |    0:28:14 (Oct15) |  408.0 MB | PBS_Techmap-Global Mapping
--------------------+---------------------+--------------+--------------------+-----------+----------------------
 00:00:15(00:00:11) |  00:00:01(00:00:01) |  25.8( 25.0) |    0:28:15 (Oct15) |  408.0 MB | PBS_TechMap-Datapath Postmap Operations
--------------------+---------------------+--------------+--------------------+-----------+----------------------
 00:00:15(00:00:11) |  00:00:00(00:00:00) |  -0.0(  0.0) |    0:28:15 (Oct15) |  408.0 MB | PBS_TechMap-Postmap HBO Optimizations
--------------------+---------------------+--------------+--------------------+-----------+----------------------
 00:00:15(00:00:11) |  00:00:00(00:00:00) |   0.0(  0.0) |    0:28:15 (Oct15) |  408.0 MB | PBS_TechMap-Postmap Clock Gating
--------------------+---------------------+--------------+--------------------+-----------+----------------------
 00:00:15(00:00:11) |  00:00:00(00:00:00) |  -0.0(  0.0) |    0:28:15 (Oct15) |  408.0 MB | PBS_TechMap-Postmap Cleanup
--------------------+---------------------+--------------+--------------------+-----------+----------------------
 00:00:15(00:00:11) |  00:00:00(00:00:00) |   0.0(  0.0) |    0:28:15 (Oct15) |  408.0 MB | PBS_Techmap-Post_MBCI
--------------------+---------------------+--------------+--------------------+-----------+----------------------
Number of threads: 8 * 1   (id: pbs_debug, time_info v1.57)
Info: (*N*) indicates data that was populated from previously saved time_info database
Info: CPU time includes time of parent + longest thread
##>=================== Cadence Confidential (Mapping-Logical) ===================
##>Main Thread Summary:
##>----------------------------------------------------------------------------------------
##>STEP                           Elapsed       WNS       TNS     Insts      Area    Memory
##>----------------------------------------------------------------------------------------
##>M:Initial                            0         -         -        81       677       408
##>M:Pre Cleanup                        0         -         -        81       677       408
##>M:Setup                              0         -         -         -         -         -
##>M:Launch ST                          0         -         -         -         -         -
##>M:Design Partition                   0         -         -         -         -         -
##>M:Create Partition Netlists          0         -         -         -         -         -
##>M:Init Power                         0         -         -         -         -         -
##>M:Budgeting                          0         -         -         -         -         -
##>M:Derenv-DB                          0         -         -         -         -         -
##>M:Debug Outputs                      0         -         -         -         -         -
##>M:ST loading                         0         -         -         -         -         -
##>M:Distributed                        0         -         -         -         -         -
##>M:Timer                              0         -         -         -         -         -
##>M:Assembly                           0         -         -         -         -         -
##>M:DFT                                0         -         -         -         -         -
##>M:DP Operations                      1         -         -        43       260       408
##>M:Const Prop                         0         -         0        43       260       408
##>M:Cleanup                            0         -         0        43       260       408
##>M:MBCI                               0         -         -        43       260       408
##>M:Const Gate Removal                 0         -         -         -         -         -
##>M:Misc                               1
##>----------------------------------------------------------------------------------------
##>Total Elapsed                        2
##>========================================================================================
Info    : Done mapping. [SYNTH-5]
        : Done mapping 'lods_12_pre'.
(write_design): Writing Genus content. Constraint interface is 'smsc'
Exporting design data for 'lods_12_pre' to ./lods_innovus...
%# Begin write_design (10/15 00:28:15, mem=1306.50M)
UM:   flow.cputime  flow.realtime  timing.setup.tns  timing.setup.wns  snapshot
UM:*                                                                   write_design
File ./lods_innovus.mmmc.tcl has been written.
Finished SDC export (command execution time mm:ss (real) = 00:00).
Info: file ./lods_innovus.default_emulate_constraint_mode.sdc has been written
Info: file ./lods_innovus.default_emulate_constraint_mode.sdc has been written
** To load the database source ./lods_innovus.genus_setup.tcl in an Genus(TM) Synthesis Solution session.
Finished exporting design data for 'lods_12_pre' (command execution time mm:ss cpu = 00:00, real = 00:01).
.
%# End write_design (10/15 00:28:16, total cpu=08:00:00, real=08:00:01, peak res=665.40M, current mem=1308.50M)
Finished SDC export (command execution time mm:ss (real) = 00:00).
Normal exit.